Started GET "/" for ::1 at 2021-02-08 16:17:33 -0600

ActiveRecord::NoDatabaseError - FATAL:  database "friendbook_development" does not exist:

Started POST "/__better_errors/3821c93f1bc0851c/variables" for ::1 at 2021-02-08 16:17:34 -0600
  [1m[35m (243.5ms)[0m  [1m[35mCREATE DATABASE "friendbook_development" ENCODING = 'unicode'[0m
  ↳ bin/rails:9
  [1m[35m (149.1ms)[0m  [1m[35mCREATE DATABASE "friendbook_test" ENCODING = 'unicode'[0m
  ↳ bin/rails:9
  [1m[35m (1.5ms)[0m  [1m[35mCREATE DATABASE "friendbook_development" ENCODING = 'unicode'[0m
  ↳ bin/rails:9
  [1m[35m (1.1ms)[0m  [1m[35mCREATE DATABASE "friendbook_test" ENCODING = 'unicode'[0m
  ↳ bin/rails:9
Started GET "/" for ::1 at 2021-02-08 16:19:44 -0600
Processing by StaticPagesController#root as HTML
  Rendering static_pages/root.html.erb within layouts/application
  Rendered static_pages/root.html.erb within layouts/application (2.0ms)
Completed 200 OK in 3131ms (Views: 3118.4ms | ActiveRecord: 0.0ms)


  [1m[35m (71.2ms)[0m  [1m[35mCREATE TABLE "schema_migrations" ("version" character varying NOT NULL PRIMARY KEY)[0m
  ↳ bin/rails:9
  [1m[35m (22.3ms)[0m  [1m[35mCREATE TABLE "ar_internal_metadata" ("key" character varying NOT NULL PRIMARY KEY, "value" character varying, "created_at" timestamp NOT NULL, "updated_at" timestamp NOT NULL)[0m
  ↳ bin/rails:9
  [1m[35m (0.9ms)[0m  [1m[34mSELECT pg_try_advisory_lock(2969231131467707400)[0m
  ↳ bin/rails:9
  [1m[35m (1.5ms)[0m  [1m[34mSELECT "schema_migrations"."version" FROM "schema_migrations" ORDER BY "schema_migrations"."version" ASC[0m
  ↳ bin/rails:9
Migrating to CreateUsers (20210208222448)
  [1m[35m (0.4ms)[0m  [1m[34mSELECT pg_advisory_unlock(2969231131467707400)[0m
  ↳ bin/rails:9
  [1m[35m (0.3ms)[0m  [1m[34mSELECT pg_try_advisory_lock(2969231131467707400)[0m
  ↳ bin/rails:9
  [1m[35m (1.7ms)[0m  [1m[34mSELECT "schema_migrations"."version" FROM "schema_migrations" ORDER BY "schema_migrations"."version" ASC[0m
  ↳ bin/rails:9
Migrating to CreateUsers (20210208222448)
  [1m[35m (12.8ms)[0m  [1m[35mBEGIN[0m
  ↳ bin/rails:9
  [1m[35m (47.4ms)[0m  [1m[35mCREATE TABLE "users" ("id" bigserial primary key, "first_name" character varying NOT NULL, "last_name" character varying NOT NULL, "birthday" date NOT NULL, "gender" character varying NOT NULL, "email" character varying NOT NULL, "password_digest" character varying NOT NULL, "session_token" character varying NOT NULL, "bio" text, "work" character varying, "education" character varying, "current_city" character varying, "hometown" character varying, "relationship" character varying, "name_pronunciation" character varying, "created_at" timestamp NOT NULL, "updated_at" timestamp NOT NULL)[0m
  ↳ db/migrate/20210208222448_create_users.rb:3
  [1m[35m (3.7ms)[0m  [1m[35mCREATE  INDEX  "index_users_on_first_name" ON "users"  ("first_name")[0m
  ↳ db/migrate/20210208222448_create_users.rb:22
  [1m[35m (2.1ms)[0m  [1m[35mCREATE  INDEX  "index_users_on_last_name" ON "users"  ("last_name")[0m
  ↳ db/migrate/20210208222448_create_users.rb:23
  [1m[35m (2.0ms)[0m  [1m[35mCREATE UNIQUE INDEX  "index_users_on_email" ON "users"  ("email")[0m
  ↳ db/migrate/20210208222448_create_users.rb:24
  [1m[35m (7.7ms)[0m  [1m[35mCREATE UNIQUE INDEX  "index_users_on_session_token" ON "users"  ("session_token")[0m
  ↳ db/migrate/20210208222448_create_users.rb:25
  [1m[36mActiveRecord::SchemaMigration Create (12.9ms)[0m  [1m[32mINSERT INTO "schema_migrations" ("version") VALUES ($1) RETURNING "version"[0m  [["version", "20210208222448"]]
  ↳ bin/rails:9
  [1m[35m (1.2ms)[0m  [1m[35mCOMMIT[0m
  ↳ bin/rails:9
  [1m[36mActiveRecord::InternalMetadata Load (15.5ms)[0m  [1m[34mSELECT  "ar_internal_metadata".* FROM "ar_internal_metadata" WHERE "ar_internal_metadata"."key" = $1 LIMIT $2[0m  [["key", "environment"], ["LIMIT", 1]]
  ↳ bin/rails:9
  [1m[35m (0.7ms)[0m  [1m[35mBEGIN[0m
  ↳ bin/rails:9
  [1m[36mActiveRecord::InternalMetadata Create (1.8ms)[0m  [1m[32mINSERT INTO "ar_internal_metadata" ("key", "value", "created_at", "updated_at") VALUES ($1, $2, $3, $4) RETURNING "key"[0m  [["key", "environment"], ["value", "development"], ["created_at", "2021-02-08 22:40:58.254789"], ["updated_at", "2021-02-08 22:40:58.254789"]]
  ↳ bin/rails:9
  [1m[35m (0.7ms)[0m  [1m[35mCOMMIT[0m
  ↳ bin/rails:9
  [1m[35m (10.2ms)[0m  [1m[34mSELECT pg_advisory_unlock(2969231131467707400)[0m
  ↳ bin/rails:9
  [1m[35m (44.4ms)[0m  [1m[34mSELECT "schema_migrations"."version" FROM "schema_migrations" ORDER BY "schema_migrations"."version" ASC[0m
  ↳ bin/rails:9
  [1m[35m (2.0ms)[0m  [1m[34mSELECT "schema_migrations"."version" FROM "schema_migrations" ORDER BY "schema_migrations"."version" ASC[0m
  ↳ /Users/brynnjohnson/.rbenv/versions/2.5.1/bin/annotate:23
Started GET "/" for ::1 at 2021-02-08 18:33:41 -0600

SyntaxError - syntax error, unexpected ':', expecting keyword_end
  namespace: api, defaults: {format: :jso...
           ^
/Users/brynnjohnson/Desktop/app_academy/Friendbook/friendbook/config/routes.rb:3: syntax error, unexpected keyword_do, expecting end-of-input
...i, defaults: {format: :json} do 
...                             ^~:
  config/routes.rb:3:in `'

Started POST "/__better_errors/2f1491aca60d4a7d/variables" for ::1 at 2021-02-08 18:33:41 -0600
Started GET "/" for ::1 at 2021-02-08 18:34:25 -0600
  [1m[35m (3.4ms)[0m  [1m[34mSELECT "schema_migrations"."version" FROM "schema_migrations" ORDER BY "schema_migrations"."version" ASC[0m
  ↳ /Users/brynnjohnson/.rbenv/versions/2.5.1/lib/ruby/gems/2.5.0/gems/activerecord-5.2.4.4/lib/active_record/log_subscriber.rb:98
Processing by StaticPagesController#root as HTML
  Rendering static_pages/root.html.erb within layouts/application
  Rendered static_pages/root.html.erb within layouts/application (1.1ms)
Completed 200 OK in 516ms (Views: 500.2ms | ActiveRecord: 0.0ms)


Started POST "/api/users?email=abc&password=[FILTERED]" for ::1 at 2021-02-08 18:38:10 -0600
Processing by Api::UsersController#create as JSON
  Parameters: {"user"=>{"name"=>"bill", "email"=>"tom@gmail.com"}, "email"=>"abc", "password"=>"[FILTERED]"}
Can't verify CSRF token authenticity.
Completed 422 Unprocessable Entity in 9ms (ActiveRecord: 0.0ms)



ActionController::InvalidAuthenticityToken - ActionController::InvalidAuthenticityToken:

Started POST "/api/users?email=abc&password=[FILTERED]" for ::1 at 2021-02-08 18:41:34 -0600
Processing by Api::UsersController#create as JSON
  Parameters: {"user"=>{"name"=>"bill", "email"=>"tom@gmail.com"}, "email"=>"abc", "password"=>"[FILTERED]"}
Unpermitted parameter: :name
  [1m[35m (0.9ms)[0m  [1m[35mBEGIN[0m
  ↳ app/controllers/api/users_controller.rb:4
  [1m[36mUser Exists (29.7ms)[0m  [1m[34mSELECT  1 AS one FROM "users" WHERE "users"."email" = $1 LIMIT $2[0m  [["email", "tom@gmail.com"], ["LIMIT", 1]]
  ↳ app/controllers/api/users_controller.rb:4
  [1m[35m (0.8ms)[0m  [1m[31mROLLBACK[0m
  ↳ app/controllers/api/users_controller.rb:4
Completed 422 Unprocessable Entity in 275ms (Views: 4.6ms | ActiveRecord: 107.7ms)


Started POST "/api/users?email=anna&password=[FILTERED]" for ::1 at 2021-02-08 18:45:47 -0600
Processing by Api::UsersController#create as JSON
  Parameters: {"user"=>{"name"=>"bill", "email"=>"tom@gmail.com"}, "email"=>"anna", "password"=>"[FILTERED]"}
Completed 500 Internal Server Error in 17ms (ActiveRecord: 0.0ms)



ArgumentError - You need to supply at least one validation:
  app/models/user.rb:27:in `<class:User>'
  app/models/user.rb:23:in `<top (required)>'
  app/controllers/api/users_controller.rb:3:in `create'

Started GET "/" for ::1 at 2021-02-08 18:47:14 -0600
Processing by StaticPagesController#root as HTML
  Rendering static_pages/root.html.erb within layouts/application
  Rendered static_pages/root.html.erb within layouts/application (0.9ms)
Completed 200 OK in 135ms (Views: 126.9ms | ActiveRecord: 0.0ms)


Started POST "/api/users?email=anna&password=[FILTERED]" for ::1 at 2021-02-08 18:48:06 -0600
Processing by Api::UsersController#create as JSON
  Parameters: {"user"=>{"name"=>"bill", "email"=>"tom@gmail.com"}, "email"=>"anna", "password"=>"[FILTERED]"}
Completed 500 Internal Server Error in 11ms (ActiveRecord: 0.0ms)



ArgumentError - You need to supply at least one validation:
  app/models/user.rb:27:in `<class:User>'
  app/models/user.rb:23:in `<top (required)>'
  app/controllers/api/users_controller.rb:3:in `create'

Started POST "/api/users?email=anna&password=[FILTERED]" for ::1 at 2021-02-08 18:48:28 -0600
Processing by Api::UsersController#create as JSON
  Parameters: {"user"=>{"name"=>"bill", "email"=>"tom@gmail.com"}, "email"=>"anna", "password"=>"[FILTERED]"}
Unpermitted parameter: :name
  [1m[35m (9.2ms)[0m  [1m[35mBEGIN[0m
  ↳ app/controllers/api/users_controller.rb:4
  [1m[36mUser Exists (1.3ms)[0m  [1m[34mSELECT  1 AS one FROM "users" WHERE "users"."email" = $1 LIMIT $2[0m  [["email", "tom@gmail.com"], ["LIMIT", 1]]
  ↳ app/controllers/api/users_controller.rb:4
  [1m[35m (0.4ms)[0m  [1m[31mROLLBACK[0m
  ↳ app/controllers/api/users_controller.rb:4
Completed 422 Unprocessable Entity in 161ms (Views: 0.4ms | ActiveRecord: 41.8ms)


Started POST "/api/session?email=anna&password=[FILTERED]" for ::1 at 2021-02-08 18:51:13 -0600
Processing by Api::SessionsController#create as JSON
  Parameters: {"user"=>{"name"=>"bill", "email"=>"tom@gmail.com"}, "email"=>"anna", "password"=>"[FILTERED]"}
  [1m[36mUser Load (5.1ms)[0m  [1m[34mSELECT  "users".* FROM "users" WHERE "users"."email" = $1 LIMIT $2[0m  [["email", "tom@gmail.com"], ["LIMIT", 1]]
  ↳ app/models/user.rb:35
Completed 401 Unauthorized in 46ms (Views: 2.3ms | ActiveRecord: 6.0ms)


Started GET "/" for ::1 at 2021-02-08 19:02:31 -0600
Processing by StaticPagesController#root as HTML
  Rendering static_pages/root.html.erb within layouts/application
  Rendered static_pages/root.html.erb within layouts/application (1.2ms)
Completed 200 OK in 623ms (Views: 611.1ms | ActiveRecord: 0.0ms)


Started POST "/api/users?email=brynn&password=[FILTERED]" for ::1 at 2021-02-08 19:14:22 -0600
Processing by Api::UsersController#create as JSON
  Parameters: {"user"=>{"name"=>"bill", "email"=>"tom@gmail.com"}, "email"=>"brynn", "password"=>"[FILTERED]"}
Unpermitted parameter: :name
  [1m[35m (10.2ms)[0m  [1m[35mBEGIN[0m
  ↳ app/controllers/api/users_controller.rb:4
  [1m[36mUser Exists (37.8ms)[0m  [1m[34mSELECT  1 AS one FROM "users" WHERE "users"."email" = $1 LIMIT $2[0m  [["email", "tom@gmail.com"], ["LIMIT", 1]]
  ↳ app/controllers/api/users_controller.rb:4
  [1m[35m (0.5ms)[0m  [1m[31mROLLBACK[0m
  ↳ app/controllers/api/users_controller.rb:4
Completed 422 Unprocessable Entity in 391ms (Views: 6.9ms | ActiveRecord: 48.5ms)


Started POST "/api/users" for ::1 at 2021-02-08 19:21:56 -0600
Processing by Api::UsersController#create as JSON
  Parameters: {"user"=>{"first_name"=>"bill", "email"=>"tom@gmail.com", "last_name"=>"nye", "birthday"=>"12/25/1991", "gender"=>"male", "password"=>"[FILTERED]"}}
  [1m[35m (0.3ms)[0m  [1m[35mBEGIN[0m
  ↳ app/controllers/api/users_controller.rb:4
  [1m[36mUser Exists (18.7ms)[0m  [1m[34mSELECT  1 AS one FROM "users" WHERE "users"."email" = $1 LIMIT $2[0m  [["email", "tom@gmail.com"], ["LIMIT", 1]]
  ↳ app/controllers/api/users_controller.rb:4
  [1m[35m (0.4ms)[0m  [1m[31mROLLBACK[0m
  ↳ app/controllers/api/users_controller.rb:4
Completed 422 Unprocessable Entity in 1464ms (Views: 1.3ms | ActiveRecord: 208.5ms)


Started POST "/api/users" for ::1 at 2021-02-08 19:22:16 -0600
Processing by Api::UsersController#create as JSON
  Parameters: {"user"=>{"first_name"=>"bill", "email"=>"tom@gmail.com", "last_name"=>"nye", "birthday"=>"12/25/1991", "gender"=>"Male", "password"=>"[FILTERED]"}}
  [1m[35m (0.5ms)[0m  [1m[35mBEGIN[0m
  ↳ app/controllers/api/users_controller.rb:4
  [1m[36mUser Exists (1.9ms)[0m  [1m[34mSELECT  1 AS one FROM "users" WHERE "users"."email" = $1 LIMIT $2[0m  [["email", "tom@gmail.com"], ["LIMIT", 1]]
  ↳ app/controllers/api/users_controller.rb:4
  [1m[35m (2.0ms)[0m  [1m[31mROLLBACK[0m
  ↳ app/controllers/api/users_controller.rb:4
Completed 422 Unprocessable Entity in 1325ms (Views: 3.0ms | ActiveRecord: 4.4ms)


Started POST "/api/users" for ::1 at 2021-02-08 19:24:47 -0600
Processing by Api::UsersController#create as JSON
  Parameters: {"user"=>{"first_name"=>"bill", "email"=>"tom@gmail.com", "last_name"=>"nye", "birthday"=>"12-12-1990", "gender"=>"Male", "password"=>"[FILTERED]"}}
  [1m[35m (0.6ms)[0m  [1m[35mBEGIN[0m
  ↳ app/controllers/api/users_controller.rb:4
  [1m[36mUser Exists (24.0ms)[0m  [1m[34mSELECT  1 AS one FROM "users" WHERE "users"."email" = $1 LIMIT $2[0m  [["email", "tom@gmail.com"], ["LIMIT", 1]]
  ↳ app/controllers/api/users_controller.rb:4
  [1m[36mUser Create (82.7ms)[0m  [1m[32mINSERT INTO "users" ("first_name", "last_name", "birthday", "gender", "email", "password_digest", "session_token", "created_at", "updated_at") VALUES ($1, $2, $3, $4, $5, $6, $7, $8, $9) RETURNING "id"[0m  [["first_name", "bill"], ["last_name", "nye"], ["birthday", "1990-12-12"], ["gender", "Male"], ["email", "tom@gmail.com"], ["password_digest", "$2a$12$K.CbzMhbY8cSTgDUSoDxLu8VK2/bRnkd.J3/1oiDoZlJSfM0zLpUy"], ["session_token", "m-IDOwx5CuywSVl2Jg-pOA"], ["created_at", "2021-02-09 01:24:48.801286"], ["updated_at", "2021-02-09 01:24:48.801286"]]
  ↳ app/controllers/api/users_controller.rb:4
  [1m[35m (6.1ms)[0m  [1m[35mCOMMIT[0m
  ↳ app/controllers/api/users_controller.rb:4
  [1m[35m (1.5ms)[0m  [1m[35mBEGIN[0m
  ↳ app/models/user.rb:54
  [1m[36mUser Exists (14.9ms)[0m  [1m[34mSELECT  1 AS one FROM "users" WHERE "users"."email" = $1 AND "users"."id" != $2 LIMIT $3[0m  [["email", "tom@gmail.com"], ["id", 1], ["LIMIT", 1]]
  ↳ app/models/user.rb:54
  [1m[36mUser Update (24.3ms)[0m  [1m[33mUPDATE "users" SET "session_token" = $1, "updated_at" = $2 WHERE "users"."id" = $3[0m  [["session_token", "mgsoaNb04MThRjdp9uKraw"], ["updated_at", "2021-02-09 01:24:49.002836"], ["id", 1]]
  ↳ app/models/user.rb:54
  [1m[35m (11.3ms)[0m  [1m[35mCOMMIT[0m
  ↳ app/models/user.rb:54
  Rendering api/users/show.json.jbuilder
  Rendered api/users/_user.json.jbuilder (5.7ms)
  Rendered api/users/show.json.jbuilder (36.1ms)
Completed 200 OK in 1616ms (Views: 121.9ms | ActiveRecord: 165.3ms)


Started POST "/api/session" for ::1 at 2021-02-08 19:26:00 -0600
Processing by Api::SessionsController#create as JSON
  Parameters: {"user"=>{"email"=>"tom@gmail.com", "password"=>"[FILTERED]"}}
  [1m[36mUser Load (9.2ms)[0m  [1m[34mSELECT  "users".* FROM "users" WHERE "users"."email" = $1 LIMIT $2[0m  [["email", "tom@gmail.com"], ["LIMIT", 1]]
  ↳ app/models/user.rb:35
  [1m[35m (0.3ms)[0m  [1m[35mBEGIN[0m
  ↳ app/models/user.rb:54
  [1m[36mUser Exists (0.7ms)[0m  [1m[34mSELECT  1 AS one FROM "users" WHERE "users"."email" = $1 AND "users"."id" != $2 LIMIT $3[0m  [["email", "tom@gmail.com"], ["id", 1], ["LIMIT", 1]]
  ↳ app/models/user.rb:54
  [1m[36mUser Update (16.8ms)[0m  [1m[33mUPDATE "users" SET "session_token" = $1, "updated_at" = $2 WHERE "users"."id" = $3[0m  [["session_token", "QvuNkpnQXBdBpH-dFV6P4g"], ["updated_at", "2021-02-09 01:26:02.515272"], ["id", 1]]
  ↳ app/models/user.rb:54
  [1m[35m (0.8ms)[0m  [1m[35mCOMMIT[0m
  ↳ app/models/user.rb:54
  Rendering api/users/show.json.jbuilder
  Rendered api/users/_user.json.jbuilder (3.2ms)
  Rendered api/users/show.json.jbuilder (18.4ms)
Completed 200 OK in 1417ms (Views: 136.0ms | ActiveRecord: 28.2ms)


Started DELETE "/api/session" for ::1 at 2021-02-08 19:26:19 -0600
Processing by Api::SessionsController#destroy as JSON
  [1m[36mUser Load (3.4ms)[0m  [1m[34mSELECT  "users".* FROM "users" WHERE "users"."session_token" = $1 LIMIT $2[0m  [["session_token", "QvuNkpnQXBdBpH-dFV6P4g"], ["LIMIT", 1]]
  ↳ app/controllers/application_controller.rb:7
  [1m[35m (12.0ms)[0m  [1m[35mBEGIN[0m
  ↳ app/models/user.rb:54
  [1m[36mUser Exists (57.5ms)[0m  [1m[34mSELECT  1 AS one FROM "users" WHERE "users"."email" = $1 AND "users"."id" != $2 LIMIT $3[0m  [["email", "tom@gmail.com"], ["id", 1], ["LIMIT", 1]]
  ↳ app/models/user.rb:54
  [1m[36mUser Update (52.7ms)[0m  [1m[33mUPDATE "users" SET "session_token" = $1, "updated_at" = $2 WHERE "users"."id" = $3[0m  [["session_token", "SrA39BQBm4uLYF2eq0i4rw"], ["updated_at", "2021-02-09 01:26:19.419493"], ["id", 1]]
  ↳ app/models/user.rb:54
  [1m[35m (28.1ms)[0m  [1m[35mCOMMIT[0m
  ↳ app/models/user.rb:54
  Rendering api/users/show.json.jbuilder
  Rendered api/users/_user.json.jbuilder (2.3ms)
  Rendered api/users/show.json.jbuilder (8.1ms)
Completed 200 OK in 228ms (Views: 44.8ms | ActiveRecord: 153.7ms)


Started DELETE "/api/session" for ::1 at 2021-02-08 19:27:25 -0600
Processing by Api::SessionsController#destroy as JSON
Completed 404 Not Found in 10ms (Views: 7.6ms | ActiveRecord: 0.0ms)


Started GET "/" for ::1 at 2021-02-08 19:30:49 -0600
Processing by StaticPagesController#root as HTML
  Rendering static_pages/root.html.erb within layouts/application
  Rendered static_pages/root.html.erb within layouts/application (3.2ms)
Completed 200 OK in 231ms (Views: 208.3ms | ActiveRecord: 0.0ms)


Started GET "/" for ::1 at 2021-02-09 09:39:16 -0600
  [1m[35m (3.9ms)[0m  [1m[34mSELECT "schema_migrations"."version" FROM "schema_migrations" ORDER BY "schema_migrations"."version" ASC[0m
  ↳ /Users/brynnjohnson/.rbenv/versions/2.5.1/lib/ruby/gems/2.5.0/gems/activerecord-5.2.4.4/lib/active_record/log_subscriber.rb:98
Processing by StaticPagesController#root as HTML
  Rendering static_pages/root.html.erb within layouts/application
  Rendered static_pages/root.html.erb within layouts/application (1.5ms)
Started GET "/" for ::1 at 2021-02-09 09:39:18 -0600
Processing by StaticPagesController#root as HTML
  Rendering static_pages/root.html.erb within layouts/application
  Rendered static_pages/root.html.erb within layouts/application (0.3ms)
Completed 200 OK in 2409ms (Views: 2396.9ms | ActiveRecord: 0.0ms)


Completed 200 OK in 1351ms (Views: 1346.2ms | ActiveRecord: 0.0ms)


Started GET "/" for ::1 at 2021-02-09 13:11:15 -0600
Processing by StaticPagesController#root as HTML
  Rendering static_pages/root.html.erb within layouts/application
  Rendered static_pages/root.html.erb within layouts/application (1.2ms)
Completed 200 OK in 586ms (Views: 565.3ms | ActiveRecord: 0.0ms)


Started GET "/" for ::1 at 2021-02-09 13:11:59 -0600
Processing by StaticPagesController#root as HTML
  Rendering static_pages/root.html.erb within layouts/application
  Rendered static_pages/root.html.erb within layouts/application (2.4ms)
Completed 200 OK in 710ms (Views: 700.7ms | ActiveRecord: 0.0ms)


Started GET "/" for ::1 at 2021-02-09 13:16:56 -0600
Processing by StaticPagesController#root as HTML
  Rendering static_pages/root.html.erb within layouts/application
  Rendered static_pages/root.html.erb within layouts/application (2.5ms)
Completed 200 OK in 202ms (Views: 177.9ms | ActiveRecord: 0.0ms)


Started GET "/" for ::1 at 2021-02-09 13:19:05 -0600
Processing by StaticPagesController#root as HTML
  Rendering static_pages/root.html.erb within layouts/application
  Rendered static_pages/root.html.erb within layouts/application (0.5ms)
Completed 200 OK in 612ms (Views: 606.1ms | ActiveRecord: 0.0ms)


Started GET "/" for ::1 at 2021-02-09 13:20:44 -0600
Processing by StaticPagesController#root as HTML
  Rendering static_pages/root.html.erb within layouts/application
  Rendered static_pages/root.html.erb within layouts/application (3.9ms)
Completed 200 OK in 710ms (Views: 689.5ms | ActiveRecord: 0.0ms)


Started GET "/" for ::1 at 2021-02-09 13:21:22 -0600
Processing by StaticPagesController#root as HTML
  Rendering static_pages/root.html.erb within layouts/application
  Rendered static_pages/root.html.erb within layouts/application (0.5ms)
Completed 200 OK in 612ms (Views: 605.3ms | ActiveRecord: 0.0ms)


Started GET "/" for ::1 at 2021-02-09 13:22:27 -0600
Processing by StaticPagesController#root as HTML
  Rendering static_pages/root.html.erb within layouts/application
  Rendered static_pages/root.html.erb within layouts/application (1.3ms)
Completed 200 OK in 681ms (Views: 673.6ms | ActiveRecord: 0.0ms)


Started GET "/" for ::1 at 2021-02-09 13:25:18 -0600
Processing by StaticPagesController#root as HTML
  Rendering static_pages/root.html.erb within layouts/application
  Rendered static_pages/root.html.erb within layouts/application (4.3ms)
Completed 200 OK in 141ms (Views: 124.6ms | ActiveRecord: 0.0ms)


Started GET "/" for ::1 at 2021-02-09 13:51:52 -0600
Processing by StaticPagesController#root as HTML
  Rendering static_pages/root.html.erb within layouts/application
  Rendered static_pages/root.html.erb within layouts/application (4.2ms)
Completed 200 OK in 624ms (Views: 610.4ms | ActiveRecord: 0.0ms)


Started GET "/" for ::1 at 2021-02-09 13:52:23 -0600
Processing by StaticPagesController#root as HTML
  Rendering static_pages/root.html.erb within layouts/application
  Rendered static_pages/root.html.erb within layouts/application (1.1ms)
Completed 200 OK in 608ms (Views: 600.7ms | ActiveRecord: 0.0ms)


Started GET "/" for ::1 at 2021-02-09 15:39:18 -0600
  [1m[35m (4.0ms)[0m  [1m[34mSELECT "schema_migrations"."version" FROM "schema_migrations" ORDER BY "schema_migrations"."version" ASC[0m
  ↳ /Users/brynnjohnson/.rbenv/versions/2.5.1/lib/ruby/gems/2.5.0/gems/activerecord-5.2.4.4/lib/active_record/log_subscriber.rb:98
Processing by StaticPagesController#root as HTML
  Rendering static_pages/root.html.erb within layouts/application
  Rendered static_pages/root.html.erb within layouts/application (1.7ms)
Completed 200 OK in 3802ms (Views: 3789.4ms | ActiveRecord: 0.0ms)


  [1m[35m (2.4ms)[0m  [1m[34mSELECT "schema_migrations"."version" FROM "schema_migrations" ORDER BY "schema_migrations"."version" ASC[0m
  ↳ bin/rails:9
  [1m[35m (1.2ms)[0m  [1m[34mSELECT "schema_migrations"."version" FROM "schema_migrations" ORDER BY "schema_migrations"."version" ASC[0m
  ↳ bin/rails:9
  [1m[35m (0.8ms)[0m  [1m[35mBEGIN[0m
  ↳ db/seeds.rb:10
  [1m[36mUser Exists (28.6ms)[0m  [1m[34mSELECT  1 AS one FROM "users" WHERE "users"."email" = $1 LIMIT $2[0m  [["email", "spiceworld@gmail.com"], ["LIMIT", 1]]
  ↳ db/seeds.rb:10
  [1m[35m (0.9ms)[0m  [1m[31mROLLBACK[0m
  ↳ db/seeds.rb:10
  [1m[35m (0.1ms)[0m  [1m[35mBEGIN[0m
  ↳ db/seeds.rb:10
  [1m[36mUser Exists (0.5ms)[0m  [1m[34mSELECT  1 AS one FROM "users" WHERE "users"."email" = $1 LIMIT $2[0m  [["email", "scienceguy@gmail.com"], ["LIMIT", 1]]
  ↳ db/seeds.rb:10
  [1m[35m (0.2ms)[0m  [1m[31mROLLBACK[0m
  ↳ db/seeds.rb:10
  [1m[35m (0.1ms)[0m  [1m[35mBEGIN[0m
  ↳ db/seeds.rb:10
  [1m[36mUser Exists (0.4ms)[0m  [1m[34mSELECT  1 AS one FROM "users" WHERE "users"."email" = $1 LIMIT $2[0m  [["email", "magicschoolbus@gmail.com"], ["LIMIT", 1]]
  ↳ db/seeds.rb:10
  [1m[35m (0.2ms)[0m  [1m[31mROLLBACK[0m
  ↳ db/seeds.rb:10
  [1m[35m (0.2ms)[0m  [1m[35mBEGIN[0m
  ↳ db/seeds.rb:10
  [1m[36mUser Exists (0.5ms)[0m  [1m[34mSELECT  1 AS one FROM "users" WHERE "users"."email" = $1 LIMIT $2[0m  [["email", "deltanu@gmail.com"], ["LIMIT", 1]]
  ↳ db/seeds.rb:10
  [1m[35m (0.2ms)[0m  [1m[31mROLLBACK[0m
  ↳ db/seeds.rb:10
Started GET "/" for ::1 at 2021-02-09 16:58:06 -0600
Processing by StaticPagesController#root as HTML
  Rendering static_pages/root.html.erb within layouts/application
  Rendered static_pages/root.html.erb within layouts/application (2.3ms)
Completed 200 OK in 573ms (Views: 558.8ms | ActiveRecord: 0.0ms)


Started GET "/api/users" for ::1 at 2021-02-09 17:00:07 -0600

SyntaxError - syntax error, unexpected ':', expecting keyword_end
                render: "api/users/show"
                      ^:
  app/controllers/api/users_controller.rb:14:in `'

Started GET "/api/users" for ::1 at 2021-02-09 17:01:43 -0600
Processing by Api::UsersController#index as JSON
  Rendering api/users/index.json.jbuilder
  Rendered api/users/index.json.jbuilder (22.8ms)
Completed 500 Internal Server Error in 53ms (ActiveRecord: 0.0ms)



NoMethodError - undefined method `each' for nil:NilClass:
  app/views/api/users/index.json.jbuilder:1:in `_app_views_api_users_index_json_jbuilder__3865009391476846345_70261477285760'

Started GET "/" for ::1 at 2021-02-09 17:13:14 -0600
  [1m[35m (2.1ms)[0m  [1m[34mSELECT "schema_migrations"."version" FROM "schema_migrations" ORDER BY "schema_migrations"."version" ASC[0m
  ↳ /Users/brynnjohnson/.rbenv/versions/2.5.1/lib/ruby/gems/2.5.0/gems/activerecord-5.2.4.4/lib/active_record/log_subscriber.rb:98
Processing by StaticPagesController#root as HTML
  Rendering static_pages/root.html.erb within layouts/application
  Rendered static_pages/root.html.erb within layouts/application (1.4ms)
Completed 200 OK in 2889ms (Views: 2878.0ms | ActiveRecord: 0.0ms)


  [1m[36mUser Load (7.3ms)[0m  [1m[34mSELECT "users".* FROM "users"[0m
  [1m[35m (9.8ms)[0m  [1m[35mCREATE DATABASE "friendbook_development" ENCODING = 'unicode'[0m
  ↳ bin/rails:9
  [1m[35m (1.4ms)[0m  [1m[35mCREATE DATABASE "friendbook_test" ENCODING = 'unicode'[0m
  ↳ bin/rails:9
  [1m[35m (1.2ms)[0m  [1m[34mSELECT "schema_migrations"."version" FROM "schema_migrations" ORDER BY "schema_migrations"."version" ASC[0m
  ↳ bin/rails:9
  [1m[35m (8.2ms)[0m  [1m[34mSELECT "ar_internal_metadata"."value" FROM "ar_internal_metadata" WHERE "ar_internal_metadata"."key" = $1[0m  [["key", "environment"]]
  ↳ bin/rails:9
  [1m[35m (0.3ms)[0m  [1m[34mSELECT "schema_migrations"."version" FROM "schema_migrations" ORDER BY "schema_migrations"."version" ASC[0m
  ↳ bin/rails:9
  [1m[35m (0.3ms)[0m  [1m[34mSELECT "ar_internal_metadata"."value" FROM "ar_internal_metadata" WHERE "ar_internal_metadata"."key" = $1[0m  [["key", "environment"]]
  ↳ bin/rails:9
  [1m[35m (0.3ms)[0m  [1m[34mSELECT "schema_migrations"."version" FROM "schema_migrations" ORDER BY "schema_migrations"."version" ASC[0m
  ↳ bin/rails:9
  [1m[35m (0.3ms)[0m  [1m[34mSELECT "ar_internal_metadata"."value" FROM "ar_internal_metadata" WHERE "ar_internal_metadata"."key" = $1[0m  [["key", "environment"]]
  ↳ bin/rails:9
  [1m[35mSQL (6.4ms)[0m  [1m[35mCREATE EXTENSION IF NOT EXISTS "plpgsql"[0m
  ↳ db/schema.rb:16
  [1m[35m (97.3ms)[0m  [1m[35mDROP TABLE IF EXISTS "users" CASCADE[0m
  ↳ db/schema.rb:18
  [1m[35m (39.4ms)[0m  [1m[35mCREATE TABLE "users" ("id" bigserial primary key, "first_name" character varying NOT NULL, "last_name" character varying NOT NULL, "birthday" date NOT NULL, "gender" character varying NOT NULL, "email" character varying NOT NULL, "password_digest" character varying NOT NULL, "session_token" character varying NOT NULL, "bio" text, "work" character varying, "education" character varying, "current_city" character varying, "hometown" character varying, "relationship" character varying, "name_pronunciation" character varying, "created_at" timestamp NOT NULL, "updated_at" timestamp NOT NULL)[0m
  ↳ db/schema.rb:18
  [1m[35m (2.3ms)[0m  [1m[35mCREATE UNIQUE INDEX  "index_users_on_email" ON "users"  ("email")[0m
  ↳ db/schema.rb:18
  [1m[35m (1.7ms)[0m  [1m[35mCREATE  INDEX  "index_users_on_first_name" ON "users"  ("first_name")[0m
  ↳ db/schema.rb:18
  [1m[35m (1.8ms)[0m  [1m[35mCREATE  INDEX  "index_users_on_last_name" ON "users"  ("last_name")[0m
  ↳ db/schema.rb:18
  [1m[35m (2.0ms)[0m  [1m[35mCREATE UNIQUE INDEX  "index_users_on_session_token" ON "users"  ("session_token")[0m
  ↳ db/schema.rb:18
  [1m[35m (3.0ms)[0m  [1m[34mSELECT "schema_migrations"."version" FROM "schema_migrations" ORDER BY "schema_migrations"."version" ASC[0m
  ↳ db/schema.rb:13
  [1m[36mActiveRecord::InternalMetadata Load (2.8ms)[0m  [1m[34mSELECT  "ar_internal_metadata".* FROM "ar_internal_metadata" WHERE "ar_internal_metadata"."key" = $1 LIMIT $2[0m  [["key", "environment"], ["LIMIT", 1]]
  ↳ db/schema.rb:13
  [1m[35m (6.3ms)[0m  [1m[35mBEGIN[0m
  ↳ db/schema.rb:13
  [1m[35m (0.2ms)[0m  [1m[35mCOMMIT[0m
  ↳ db/schema.rb:13
  [1m[36mActiveRecord::InternalMetadata Load (0.4ms)[0m  [1m[34mSELECT  "ar_internal_metadata".* FROM "ar_internal_metadata" WHERE "ar_internal_metadata"."key" = $1 LIMIT $2[0m  [["key", "environment"], ["LIMIT", 1]]
  ↳ bin/rails:9
  [1m[35m (0.1ms)[0m  [1m[35mBEGIN[0m
  ↳ bin/rails:9
  [1m[35m (0.1ms)[0m  [1m[35mCOMMIT[0m
  ↳ bin/rails:9
  [1m[35mSQL (1.7ms)[0m  [1m[35mCREATE EXTENSION IF NOT EXISTS "plpgsql"[0m
  ↳ db/schema.rb:16
  [1m[35m (0.3ms)[0m  [1m[35mDROP TABLE IF EXISTS "users" CASCADE[0m
  ↳ db/schema.rb:18
  [1m[35m (66.7ms)[0m  [1m[35mCREATE TABLE "users" ("id" bigserial primary key, "first_name" character varying NOT NULL, "last_name" character varying NOT NULL, "birthday" date NOT NULL, "gender" character varying NOT NULL, "email" character varying NOT NULL, "password_digest" character varying NOT NULL, "session_token" character varying NOT NULL, "bio" text, "work" character varying, "education" character varying, "current_city" character varying, "hometown" character varying, "relationship" character varying, "name_pronunciation" character varying, "created_at" timestamp NOT NULL, "updated_at" timestamp NOT NULL)[0m
  ↳ db/schema.rb:18
  [1m[35m (3.4ms)[0m  [1m[35mCREATE UNIQUE INDEX  "index_users_on_email" ON "users"  ("email")[0m
  ↳ db/schema.rb:18
  [1m[35m (2.4ms)[0m  [1m[35mCREATE  INDEX  "index_users_on_first_name" ON "users"  ("first_name")[0m
  ↳ db/schema.rb:18
  [1m[35m (89.8ms)[0m  [1m[35mCREATE  INDEX  "index_users_on_last_name" ON "users"  ("last_name")[0m
  ↳ db/schema.rb:18
  [1m[35m (3.8ms)[0m  [1m[35mCREATE UNIQUE INDEX  "index_users_on_session_token" ON "users"  ("session_token")[0m
  ↳ db/schema.rb:18
  [1m[35m (46.4ms)[0m  [1m[35mCREATE TABLE "schema_migrations" ("version" character varying NOT NULL PRIMARY KEY)[0m
  ↳ db/schema.rb:13
  [1m[35m (1.7ms)[0m  [1m[34mSELECT "schema_migrations"."version" FROM "schema_migrations" ORDER BY "schema_migrations"."version" ASC[0m
  ↳ db/schema.rb:13
  [1m[35m (7.1ms)[0m  [1m[32mINSERT INTO "schema_migrations" (version) VALUES (20210208222448)[0m
  ↳ db/schema.rb:13
  [1m[35m (27.9ms)[0m  [1m[35mCREATE TABLE "ar_internal_metadata" ("key" character varying NOT NULL PRIMARY KEY, "value" character varying, "created_at" timestamp NOT NULL, "updated_at" timestamp NOT NULL)[0m
  ↳ db/schema.rb:13
  [1m[36mActiveRecord::InternalMetadata Load (0.9ms)[0m  [1m[34mSELECT  "ar_internal_metadata".* FROM "ar_internal_metadata" WHERE "ar_internal_metadata"."key" = $1 LIMIT $2[0m  [["key", "environment"], ["LIMIT", 1]]
  ↳ db/schema.rb:13
  [1m[35m (0.3ms)[0m  [1m[35mBEGIN[0m
  ↳ db/schema.rb:13
  [1m[36mActiveRecord::InternalMetadata Create (29.5ms)[0m  [1m[32mINSERT INTO "ar_internal_metadata" ("key", "value", "created_at", "updated_at") VALUES ($1, $2, $3, $4) RETURNING "key"[0m  [["key", "environment"], ["value", "development"], ["created_at", "2021-02-09 23:16:00.823145"], ["updated_at", "2021-02-09 23:16:00.823145"]]
  ↳ db/schema.rb:13
  [1m[35m (0.6ms)[0m  [1m[35mCOMMIT[0m
  ↳ db/schema.rb:13
  [1m[36mActiveRecord::InternalMetadata Load (0.9ms)[0m  [1m[34mSELECT  "ar_internal_metadata".* FROM "ar_internal_metadata" WHERE "ar_internal_metadata"."key" = $1 LIMIT $2[0m  [["key", "environment"], ["LIMIT", 1]]
  ↳ bin/rails:9
  [1m[35m (0.2ms)[0m  [1m[35mBEGIN[0m
  ↳ bin/rails:9
  [1m[36mActiveRecord::InternalMetadata Update (1.5ms)[0m  [1m[33mUPDATE "ar_internal_metadata" SET "value" = $1, "updated_at" = $2 WHERE "ar_internal_metadata"."key" = $3[0m  [["value", "test"], ["updated_at", "2021-02-09 23:16:00.862450"], ["key", "environment"]]
  ↳ bin/rails:9
  [1m[35m (0.5ms)[0m  [1m[35mCOMMIT[0m
  ↳ bin/rails:9
  [1m[35m (2.7ms)[0m  [1m[34mSELECT "schema_migrations"."version" FROM "schema_migrations" ORDER BY "schema_migrations"."version" ASC[0m
  ↳ bin/rails:9
  [1m[35m (0.2ms)[0m  [1m[35mBEGIN[0m
  ↳ db/seeds.rb:10
  [1m[36mUser Exists (1.6ms)[0m  [1m[34mSELECT  1 AS one FROM "users" WHERE "users"."email" = $1 LIMIT $2[0m  [["email", "spiceworld@gmail.com"], ["LIMIT", 1]]
  ↳ db/seeds.rb:10
  [1m[35m (0.2ms)[0m  [1m[31mROLLBACK[0m
  ↳ db/seeds.rb:10
  [1m[35m (0.1ms)[0m  [1m[35mBEGIN[0m
  ↳ db/seeds.rb:10
  [1m[36mUser Exists (0.5ms)[0m  [1m[34mSELECT  1 AS one FROM "users" WHERE "users"."email" = $1 LIMIT $2[0m  [["email", "scienceguy@gmail.com"], ["LIMIT", 1]]
  ↳ db/seeds.rb:10
  [1m[35m (0.2ms)[0m  [1m[31mROLLBACK[0m
  ↳ db/seeds.rb:10
  [1m[35m (0.1ms)[0m  [1m[35mBEGIN[0m
  ↳ db/seeds.rb:10
  [1m[36mUser Exists (0.6ms)[0m  [1m[34mSELECT  1 AS one FROM "users" WHERE "users"."email" = $1 LIMIT $2[0m  [["email", "magicschoolbus@gmail.com"], ["LIMIT", 1]]
  ↳ db/seeds.rb:10
  [1m[35m (0.2ms)[0m  [1m[31mROLLBACK[0m
  ↳ db/seeds.rb:10
  [1m[35m (0.1ms)[0m  [1m[35mBEGIN[0m
  ↳ db/seeds.rb:10
  [1m[36mUser Exists (0.5ms)[0m  [1m[34mSELECT  1 AS one FROM "users" WHERE "users"."email" = $1 LIMIT $2[0m  [["email", "deltanu@gmail.com"], ["LIMIT", 1]]
  ↳ db/seeds.rb:10
  [1m[35m (0.2ms)[0m  [1m[31mROLLBACK[0m
  ↳ db/seeds.rb:10
  [1m[35m (1.7ms)[0m  [1m[34mSELECT "schema_migrations"."version" FROM "schema_migrations" ORDER BY "schema_migrations"."version" ASC[0m
  ↳ bin/rails:9
  [1m[35m (0.2ms)[0m  [1m[35mBEGIN[0m
  ↳ db/seeds.rb:10
  [1m[36mUser Exists (1.6ms)[0m  [1m[34mSELECT  1 AS one FROM "users" WHERE "users"."email" = $1 LIMIT $2[0m  [["email", "spiceworld@gmail.com"], ["LIMIT", 1]]
  ↳ db/seeds.rb:10
  [1m[35m (0.3ms)[0m  [1m[31mROLLBACK[0m
  ↳ db/seeds.rb:10
  [1m[35m (0.1ms)[0m  [1m[35mBEGIN[0m
  ↳ db/seeds.rb:10
  [1m[36mUser Exists (0.4ms)[0m  [1m[34mSELECT  1 AS one FROM "users" WHERE "users"."email" = $1 LIMIT $2[0m  [["email", "scienceguy@gmail.com"], ["LIMIT", 1]]
  ↳ db/seeds.rb:10
  [1m[35m (0.2ms)[0m  [1m[31mROLLBACK[0m
  ↳ db/seeds.rb:10
  [1m[35m (0.1ms)[0m  [1m[35mBEGIN[0m
  ↳ db/seeds.rb:10
  [1m[36mUser Exists (0.4ms)[0m  [1m[34mSELECT  1 AS one FROM "users" WHERE "users"."email" = $1 LIMIT $2[0m  [["email", "magicschoolbus@gmail.com"], ["LIMIT", 1]]
  ↳ db/seeds.rb:10
  [1m[35m (0.1ms)[0m  [1m[31mROLLBACK[0m
  ↳ db/seeds.rb:10
  [1m[35m (0.1ms)[0m  [1m[35mBEGIN[0m
  ↳ db/seeds.rb:10
  [1m[36mUser Exists (0.5ms)[0m  [1m[34mSELECT  1 AS one FROM "users" WHERE "users"."email" = $1 LIMIT $2[0m  [["email", "deltanu@gmail.com"], ["LIMIT", 1]]
  ↳ db/seeds.rb:10
  [1m[35m (0.6ms)[0m  [1m[31mROLLBACK[0m
  ↳ db/seeds.rb:10
  [1m[36mUser Load (1.3ms)[0m  [1m[34mSELECT "users".* FROM "users"[0m
  [1m[36mUser Load (0.9ms)[0m  [1m[34mSELECT "users".* FROM "users"[0m
  [1m[35m (12.9ms)[0m  [1m[34mSELECT "schema_migrations"."version" FROM "schema_migrations" ORDER BY "schema_migrations"."version" ASC[0m
  ↳ bin/rails:9
  [1m[35m (1.0ms)[0m  [1m[35mBEGIN[0m
  ↳ db/seeds.rb:10
  [1m[36mUser Exists (25.1ms)[0m  [1m[34mSELECT  1 AS one FROM "users" WHERE "users"."email" = $1 LIMIT $2[0m  [["email", "spiceworld@gmail.com"], ["LIMIT", 1]]
  ↳ db/seeds.rb:10
  [1m[35m (1.0ms)[0m  [1m[31mROLLBACK[0m
  ↳ db/seeds.rb:10
  [1m[35m (0.1ms)[0m  [1m[35mBEGIN[0m
  ↳ db/seeds.rb:10
  [1m[36mUser Exists (0.7ms)[0m  [1m[34mSELECT  1 AS one FROM "users" WHERE "users"."email" = $1 LIMIT $2[0m  [["email", "scienceguy@gmail.com"], ["LIMIT", 1]]
  ↳ db/seeds.rb:10
  [1m[35m (0.2ms)[0m  [1m[31mROLLBACK[0m
  ↳ db/seeds.rb:10
  [1m[35m (0.1ms)[0m  [1m[35mBEGIN[0m
  ↳ db/seeds.rb:10
  [1m[36mUser Exists (0.4ms)[0m  [1m[34mSELECT  1 AS one FROM "users" WHERE "users"."email" = $1 LIMIT $2[0m  [["email", "magicschoolbus@gmail.com"], ["LIMIT", 1]]
  ↳ db/seeds.rb:10
  [1m[35m (0.2ms)[0m  [1m[31mROLLBACK[0m
  ↳ db/seeds.rb:10
  [1m[35m (0.2ms)[0m  [1m[35mBEGIN[0m
  ↳ db/seeds.rb:10
  [1m[36mUser Exists (0.4ms)[0m  [1m[34mSELECT  1 AS one FROM "users" WHERE "users"."email" = $1 LIMIT $2[0m  [["email", "deltanu@gmail.com"], ["LIMIT", 1]]
  ↳ db/seeds.rb:10
  [1m[35m (0.2ms)[0m  [1m[31mROLLBACK[0m
  ↳ db/seeds.rb:10
  [1m[35m (1.8ms)[0m  [1m[34mSELECT "schema_migrations"."version" FROM "schema_migrations" ORDER BY "schema_migrations"."version" ASC[0m
  ↳ bin/rails:9
  [1m[36mUser Load (2.0ms)[0m  [1m[34mSELECT "users".* FROM "users"[0m
  ↳ db/seeds.rb:8
  [1m[35m (0.3ms)[0m  [1m[35mBEGIN[0m
  ↳ db/seeds.rb:10
  [1m[36mUser Exists (0.8ms)[0m  [1m[34mSELECT  1 AS one FROM "users" WHERE "users"."email" = $1 LIMIT $2[0m  [["email", "spiceworld@gmail.com"], ["LIMIT", 1]]
  ↳ db/seeds.rb:10
  [1m[35m (0.2ms)[0m  [1m[31mROLLBACK[0m
  ↳ db/seeds.rb:10
  [1m[35m (0.1ms)[0m  [1m[35mBEGIN[0m
  ↳ db/seeds.rb:10
  [1m[36mUser Exists (1.0ms)[0m  [1m[34mSELECT  1 AS one FROM "users" WHERE "users"."email" = $1 LIMIT $2[0m  [["email", "scienceguy@gmail.com"], ["LIMIT", 1]]
  ↳ db/seeds.rb:10
  [1m[35m (0.3ms)[0m  [1m[31mROLLBACK[0m
  ↳ db/seeds.rb:10
  [1m[35m (0.2ms)[0m  [1m[35mBEGIN[0m
  ↳ db/seeds.rb:10
  [1m[36mUser Exists (1.0ms)[0m  [1m[34mSELECT  1 AS one FROM "users" WHERE "users"."email" = $1 LIMIT $2[0m  [["email", "magicschoolbus@gmail.com"], ["LIMIT", 1]]
  ↳ db/seeds.rb:10
  [1m[35m (0.2ms)[0m  [1m[31mROLLBACK[0m
  ↳ db/seeds.rb:10
  [1m[35m (0.1ms)[0m  [1m[35mBEGIN[0m
  ↳ db/seeds.rb:10
  [1m[36mUser Exists (0.5ms)[0m  [1m[34mSELECT  1 AS one FROM "users" WHERE "users"."email" = $1 LIMIT $2[0m  [["email", "deltanu@gmail.com"], ["LIMIT", 1]]
  ↳ db/seeds.rb:10
  [1m[35m (0.2ms)[0m  [1m[31mROLLBACK[0m
  ↳ db/seeds.rb:10
  [1m[36mUser Load (1.7ms)[0m  [1m[34mSELECT "users".* FROM "users"[0m
  [1m[35m (0.4ms)[0m  [1m[35mBEGIN[0m
  [1m[36mUser Exists (2.7ms)[0m  [1m[34mSELECT  1 AS one FROM "users" WHERE "users"."email" = $1 LIMIT $2[0m  [["email", "spiceworld@gmail.com"], ["LIMIT", 1]]
  [1m[35m (5.7ms)[0m  [1m[31mROLLBACK[0m
  [1m[35m (2.8ms)[0m  [1m[34mSELECT "schema_migrations"."version" FROM "schema_migrations" ORDER BY "schema_migrations"."version" ASC[0m
  ↳ bin/rails:9
  [1m[36mUser Load (1.7ms)[0m  [1m[34mSELECT "users".* FROM "users"[0m
  ↳ db/seeds.rb:8
  [1m[35m (0.2ms)[0m  [1m[35mBEGIN[0m
  ↳ db/seeds.rb:10
  [1m[36mUser Exists (0.9ms)[0m  [1m[34mSELECT  1 AS one FROM "users" WHERE "users"."email" = $1 LIMIT $2[0m  [["email", "scienceguy@gmail.com"], ["LIMIT", 1]]
  ↳ db/seeds.rb:10
  [1m[36mUser Create (38.2ms)[0m  [1m[32mINSERT INTO "users" ("first_name", "last_name", "birthday", "gender", "email", "password_digest", "session_token", "created_at", "updated_at") VALUES ($1, $2, $3, $4, $5, $6, $7, $8, $9) RETURNING "id"[0m  [["first_name", "Bill"], ["last_name", "Nye"], ["birthday", "1955-12-04"], ["gender", "Male"], ["email", "scienceguy@gmail.com"], ["password_digest", "$2a$12$inZdUbOacYDmvGWPHvTwZOfsZ9ownoEMCqLnads2IHn8lnvHbwZKu"], ["session_token", "06vK16gEck2Ridj377xgIQ"], ["created_at", "2021-02-09 23:35:53.362149"], ["updated_at", "2021-02-09 23:35:53.362149"]]
  ↳ db/seeds.rb:10
  [1m[35m (0.7ms)[0m  [1m[35mCOMMIT[0m
  ↳ db/seeds.rb:10
  [1m[35m (0.2ms)[0m  [1m[35mBEGIN[0m
  ↳ db/seeds.rb:10
  [1m[36mUser Exists (2.1ms)[0m  [1m[34mSELECT  1 AS one FROM "users" WHERE "users"."email" = $1 LIMIT $2[0m  [["email", "magicschoolbus@gmail.com"], ["LIMIT", 1]]
  ↳ db/seeds.rb:10
  [1m[36mUser Create (0.7ms)[0m  [1m[32mINSERT INTO "users" ("first_name", "last_name", "birthday", "gender", "email", "password_digest", "session_token", "created_at", "updated_at") VALUES ($1, $2, $3, $4, $5, $6, $7, $8, $9) RETURNING "id"[0m  [["first_name", "Miss"], ["last_name", "Frizzle"], ["birthday", "1960-10-12"], ["gender", "Female"], ["email", "magicschoolbus@gmail.com"], ["password_digest", "$2a$12$s5KzMMPt2xLsIrzBfOCSTOTEfYR3wbX5aEd9GSrdcAoDxQaABoDya"], ["session_token", "URr-SbNnGxHrgIi6oSRBwA"], ["created_at", "2021-02-09 23:35:53.722624"], ["updated_at", "2021-02-09 23:35:53.722624"]]
  ↳ db/seeds.rb:10
  [1m[35m (0.5ms)[0m  [1m[35mCOMMIT[0m
  ↳ db/seeds.rb:10
  [1m[35m (0.3ms)[0m  [1m[35mBEGIN[0m
  ↳ db/seeds.rb:10
  [1m[36mUser Exists (0.9ms)[0m  [1m[34mSELECT  1 AS one FROM "users" WHERE "users"."email" = $1 LIMIT $2[0m  [["email", "deltanu@gmail.com"], ["LIMIT", 1]]
  ↳ db/seeds.rb:10
  [1m[36mUser Create (0.8ms)[0m  [1m[32mINSERT INTO "users" ("first_name", "last_name", "birthday", "gender", "email", "password_digest", "session_token", "created_at", "updated_at") VALUES ($1, $2, $3, $4, $5, $6, $7, $8, $9) RETURNING "id"[0m  [["first_name", "Elle"], ["last_name", "Woods"], ["birthday", "1985-07-05"], ["gender", "Female"], ["email", "deltanu@gmail.com"], ["password_digest", "$2a$12$B1gWFQCtOT4knGwFI1ZpPOMCXcYbQUb5wYqxqojoXqbjFcgpA8T3m"], ["session_token", "THaGD4mSqKr8yui71D_a4g"], ["created_at", "2021-02-09 23:35:54.044291"], ["updated_at", "2021-02-09 23:35:54.044291"]]
  ↳ db/seeds.rb:10
  [1m[35m (1.6ms)[0m  [1m[35mCOMMIT[0m
  ↳ db/seeds.rb:10
  [1m[35m (0.3ms)[0m  [1m[35mBEGIN[0m
  ↳ db/seeds.rb:16
  [1m[36mUser Exists (0.9ms)[0m  [1m[34mSELECT  1 AS one FROM "users" WHERE "users"."email" = $1 LIMIT $2[0m  [["email", "spiceworld@gmail.com"], ["LIMIT", 1]]
  ↳ db/seeds.rb:16
  [1m[36mUser Create (0.9ms)[0m  [1m[32mINSERT INTO "users" ("first_name", "last_name", "birthday", "gender", "email", "password_digest", "session_token", "created_at", "updated_at") VALUES ($1, $2, $3, $4, $5, $6, $7, $8, $9) RETURNING "id"[0m  [["first_name", "Ginger"], ["last_name", "Spice"], ["birthday", "1980-04-01"], ["gender", "Female"], ["email", "spiceworld@gmail.com"], ["password_digest", "$2a$12$pouasGJPeAMTOHqezK3ETOxiBX0WFqkI2EIjM2Oo/Brm/tGMiK8h2"], ["session_token", "piQl9Mjq5odSc9T-0WpX-A"], ["created_at", "2021-02-09 23:35:54.434540"], ["updated_at", "2021-02-09 23:35:54.434540"]]
  ↳ db/seeds.rb:16
  [1m[35m (2.4ms)[0m  [1m[35mCOMMIT[0m
  ↳ db/seeds.rb:16
  [1m[36mUser Load (6.6ms)[0m  [1m[34mSELECT "users".* FROM "users"[0m
Started GET "/" for ::1 at 2021-02-09 17:37:26 -0600
Processing by StaticPagesController#root as HTML
  Rendering static_pages/root.html.erb within layouts/application
  Rendered static_pages/root.html.erb within layouts/application (16.4ms)
Completed 200 OK in 288ms (Views: 247.6ms | ActiveRecord: 0.0ms)


Started GET "/" for ::1 at 2021-02-10 10:22:29 -0600
  [1m[35m (4.2ms)[0m  [1m[34mSELECT "schema_migrations"."version" FROM "schema_migrations" ORDER BY "schema_migrations"."version" ASC[0m
  ↳ /Users/brynnjohnson/.rbenv/versions/2.5.1/lib/ruby/gems/2.5.0/gems/activerecord-5.2.4.4/lib/active_record/log_subscriber.rb:98
Processing by StaticPagesController#root as HTML
  Rendering static_pages/root.html.erb within layouts/application
  Rendered static_pages/root.html.erb within layouts/application (2.2ms)
Completed 200 OK in 3045ms (Views: 3014.1ms | ActiveRecord: 0.0ms)


Started GET "/" for ::1 at 2021-02-10 10:25:27 -0600
Processing by StaticPagesController#root as HTML
  Rendering static_pages/root.html.erb within layouts/application
  Rendered static_pages/root.html.erb within layouts/application (2.2ms)
Completed 200 OK in 722ms (Views: 711.9ms | ActiveRecord: 0.0ms)


  [1m[35m (5.8ms)[0m  [1m[35mCREATE DATABASE "friendbook_development" ENCODING = 'unicode'[0m
  ↳ bin/rails:9
  [1m[35m (1.3ms)[0m  [1m[35mCREATE DATABASE "friendbook_test" ENCODING = 'unicode'[0m
  ↳ bin/rails:9
  [1m[35m (1.7ms)[0m  [1m[34mSELECT "schema_migrations"."version" FROM "schema_migrations" ORDER BY "schema_migrations"."version" ASC[0m
  ↳ bin/rails:9
  [1m[35m (25.4ms)[0m  [1m[34mSELECT "ar_internal_metadata"."value" FROM "ar_internal_metadata" WHERE "ar_internal_metadata"."key" = $1[0m  [["key", "environment"]]
  ↳ bin/rails:9
  [1m[35m (0.4ms)[0m  [1m[34mSELECT "schema_migrations"."version" FROM "schema_migrations" ORDER BY "schema_migrations"."version" ASC[0m
  ↳ bin/rails:9
  [1m[35m (0.3ms)[0m  [1m[34mSELECT "ar_internal_metadata"."value" FROM "ar_internal_metadata" WHERE "ar_internal_metadata"."key" = $1[0m  [["key", "environment"]]
  ↳ bin/rails:9
  [1m[35m (0.3ms)[0m  [1m[34mSELECT "schema_migrations"."version" FROM "schema_migrations" ORDER BY "schema_migrations"."version" ASC[0m
  ↳ bin/rails:9
  [1m[35m (0.3ms)[0m  [1m[34mSELECT "ar_internal_metadata"."value" FROM "ar_internal_metadata" WHERE "ar_internal_metadata"."key" = $1[0m  [["key", "environment"]]
  ↳ bin/rails:9
  [1m[35mSQL (18.1ms)[0m  [1m[35mCREATE EXTENSION IF NOT EXISTS "plpgsql"[0m
  ↳ db/schema.rb:16
  [1m[35m (70.9ms)[0m  [1m[35mDROP TABLE IF EXISTS "users" CASCADE[0m
  ↳ db/schema.rb:18
  [1m[35m (33.6ms)[0m  [1m[35mCREATE TABLE "users" ("id" bigserial primary key, "first_name" character varying NOT NULL, "last_name" character varying NOT NULL, "birthday" date NOT NULL, "gender" character varying NOT NULL, "email" character varying NOT NULL, "password_digest" character varying NOT NULL, "session_token" character varying NOT NULL, "bio" text, "work" character varying, "education" character varying, "current_city" character varying, "hometown" character varying, "relationship" character varying, "name_pronunciation" character varying, "created_at" timestamp NOT NULL, "updated_at" timestamp NOT NULL)[0m
  ↳ db/schema.rb:18
  [1m[35m (2.1ms)[0m  [1m[35mCREATE UNIQUE INDEX  "index_users_on_email" ON "users"  ("email")[0m
  ↳ db/schema.rb:18
  [1m[35m (1.6ms)[0m  [1m[35mCREATE  INDEX  "index_users_on_first_name" ON "users"  ("first_name")[0m
  ↳ db/schema.rb:18
  [1m[35m (1.9ms)[0m  [1m[35mCREATE  INDEX  "index_users_on_last_name" ON "users"  ("last_name")[0m
  ↳ db/schema.rb:18
  [1m[35m (1.7ms)[0m  [1m[35mCREATE UNIQUE INDEX  "index_users_on_session_token" ON "users"  ("session_token")[0m
  ↳ db/schema.rb:18
  [1m[35m (1.2ms)[0m  [1m[34mSELECT "schema_migrations"."version" FROM "schema_migrations" ORDER BY "schema_migrations"."version" ASC[0m
  ↳ db/schema.rb:13
  [1m[36mActiveRecord::InternalMetadata Load (2.5ms)[0m  [1m[34mSELECT  "ar_internal_metadata".* FROM "ar_internal_metadata" WHERE "ar_internal_metadata"."key" = $1 LIMIT $2[0m  [["key", "environment"], ["LIMIT", 1]]
  ↳ db/schema.rb:13
  [1m[35m (6.3ms)[0m  [1m[35mBEGIN[0m
  ↳ db/schema.rb:13
  [1m[35m (0.2ms)[0m  [1m[35mCOMMIT[0m
  ↳ db/schema.rb:13
  [1m[36mActiveRecord::InternalMetadata Load (0.3ms)[0m  [1m[34mSELECT  "ar_internal_metadata".* FROM "ar_internal_metadata" WHERE "ar_internal_metadata"."key" = $1 LIMIT $2[0m  [["key", "environment"], ["LIMIT", 1]]
  ↳ bin/rails:9
  [1m[35m (0.1ms)[0m  [1m[35mBEGIN[0m
  ↳ bin/rails:9
  [1m[35m (0.1ms)[0m  [1m[35mCOMMIT[0m
  ↳ bin/rails:9
  [1m[35mSQL (1.8ms)[0m  [1m[35mCREATE EXTENSION IF NOT EXISTS "plpgsql"[0m
  ↳ db/schema.rb:16
  [1m[35m (91.8ms)[0m  [1m[35mDROP TABLE IF EXISTS "users" CASCADE[0m
  ↳ db/schema.rb:18
  [1m[35m (190.4ms)[0m  [1m[35mCREATE TABLE "users" ("id" bigserial primary key, "first_name" character varying NOT NULL, "last_name" character varying NOT NULL, "birthday" date NOT NULL, "gender" character varying NOT NULL, "email" character varying NOT NULL, "password_digest" character varying NOT NULL, "session_token" character varying NOT NULL, "bio" text, "work" character varying, "education" character varying, "current_city" character varying, "hometown" character varying, "relationship" character varying, "name_pronunciation" character varying, "created_at" timestamp NOT NULL, "updated_at" timestamp NOT NULL)[0m
  ↳ db/schema.rb:18
  [1m[35m (3.0ms)[0m  [1m[35mCREATE UNIQUE INDEX  "index_users_on_email" ON "users"  ("email")[0m
  ↳ db/schema.rb:18
  [1m[35m (1.7ms)[0m  [1m[35mCREATE  INDEX  "index_users_on_first_name" ON "users"  ("first_name")[0m
  ↳ db/schema.rb:18
  [1m[35m (1.6ms)[0m  [1m[35mCREATE  INDEX  "index_users_on_last_name" ON "users"  ("last_name")[0m
  ↳ db/schema.rb:18
  [1m[35m (1.6ms)[0m  [1m[35mCREATE UNIQUE INDEX  "index_users_on_session_token" ON "users"  ("session_token")[0m
  ↳ db/schema.rb:18
  [1m[35m (2.2ms)[0m  [1m[34mSELECT "schema_migrations"."version" FROM "schema_migrations" ORDER BY "schema_migrations"."version" ASC[0m
  ↳ db/schema.rb:13
  [1m[36mActiveRecord::InternalMetadata Load (1.9ms)[0m  [1m[34mSELECT  "ar_internal_metadata".* FROM "ar_internal_metadata" WHERE "ar_internal_metadata"."key" = $1 LIMIT $2[0m  [["key", "environment"], ["LIMIT", 1]]
  ↳ db/schema.rb:13
  [1m[35m (0.6ms)[0m  [1m[35mBEGIN[0m
  ↳ db/schema.rb:13
  [1m[36mActiveRecord::InternalMetadata Update (6.5ms)[0m  [1m[33mUPDATE "ar_internal_metadata" SET "value" = $1, "updated_at" = $2 WHERE "ar_internal_metadata"."key" = $3[0m  [["value", "development"], ["updated_at", "2021-02-10 16:26:16.491675"], ["key", "environment"]]
  ↳ db/schema.rb:13
  [1m[35m (0.4ms)[0m  [1m[35mCOMMIT[0m
  ↳ db/schema.rb:13
  [1m[36mActiveRecord::InternalMetadata Load (0.3ms)[0m  [1m[34mSELECT  "ar_internal_metadata".* FROM "ar_internal_metadata" WHERE "ar_internal_metadata"."key" = $1 LIMIT $2[0m  [["key", "environment"], ["LIMIT", 1]]
  ↳ bin/rails:9
  [1m[35m (0.2ms)[0m  [1m[35mBEGIN[0m
  ↳ bin/rails:9
  [1m[36mActiveRecord::InternalMetadata Update (0.4ms)[0m  [1m[33mUPDATE "ar_internal_metadata" SET "value" = $1, "updated_at" = $2 WHERE "ar_internal_metadata"."key" = $3[0m  [["value", "test"], ["updated_at", "2021-02-10 16:26:16.505260"], ["key", "environment"]]
  ↳ bin/rails:9
  [1m[35m (0.4ms)[0m  [1m[35mCOMMIT[0m
  ↳ bin/rails:9
  [1m[35m (1.1ms)[0m  [1m[34mSELECT "schema_migrations"."version" FROM "schema_migrations" ORDER BY "schema_migrations"."version" ASC[0m
  ↳ bin/rails:9
  [1m[36mUser Load (1.8ms)[0m  [1m[34mSELECT "users".* FROM "users"[0m
  ↳ db/seeds.rb:8
  [1m[35m (0.2ms)[0m  [1m[35mBEGIN[0m
  ↳ db/seeds.rb:10
  [1m[36mUser Exists (0.9ms)[0m  [1m[34mSELECT  1 AS one FROM "users" WHERE "users"."email" = $1 LIMIT $2[0m  [["email", "scienceguy@gmail.com"], ["LIMIT", 1]]
  ↳ db/seeds.rb:10
  [1m[36mUser Create (1.6ms)[0m  [1m[32mINSERT INTO "users" ("first_name", "last_name", "birthday", "gender", "email", "password_digest", "session_token", "created_at", "updated_at") VALUES ($1, $2, $3, $4, $5, $6, $7, $8, $9) RETURNING "id"[0m  [["first_name", "Bill"], ["last_name", "Nye"], ["birthday", "1955-12-04"], ["gender", "Male"], ["email", "scienceguy@gmail.com"], ["password_digest", "$2a$12$w6IaS66tRBEEF8hdYRxGlOuARSKbnSIdA0QkImidfi9KQIz.YCUG2"], ["session_token", "GGVtL7bTyeZGs36ELG1Pfw"], ["created_at", "2021-02-10 16:26:16.908862"], ["updated_at", "2021-02-10 16:26:16.908862"]]
  ↳ db/seeds.rb:10
  [1m[35m (4.9ms)[0m  [1m[35mCOMMIT[0m
  ↳ db/seeds.rb:10
  [1m[35m (0.3ms)[0m  [1m[35mBEGIN[0m
  ↳ db/seeds.rb:10
  [1m[36mUser Exists (0.6ms)[0m  [1m[34mSELECT  1 AS one FROM "users" WHERE "users"."email" = $1 LIMIT $2[0m  [["email", "magicschoolbus@gmail.com"], ["LIMIT", 1]]
  ↳ db/seeds.rb:10
  [1m[36mUser Create (0.6ms)[0m  [1m[32mINSERT INTO "users" ("first_name", "last_name", "birthday", "gender", "email", "password_digest", "session_token", "created_at", "updated_at") VALUES ($1, $2, $3, $4, $5, $6, $7, $8, $9) RETURNING "id"[0m  [["first_name", "Miss"], ["last_name", "Frizzle"], ["birthday", "1960-10-12"], ["gender", "Female"], ["email", "magicschoolbus@gmail.com"], ["password_digest", "$2a$12$Y.r1xcy0X7PjV25pIIOQD.TP4FYRpHhNfYXNIPWSZiDi/5rpGQiH."], ["session_token", "VAhvPfoF679yDzmJEmWGSw"], ["created_at", "2021-02-10 16:26:17.216423"], ["updated_at", "2021-02-10 16:26:17.216423"]]
  ↳ db/seeds.rb:10
  [1m[35m (0.5ms)[0m  [1m[35mCOMMIT[0m
  ↳ db/seeds.rb:10
  [1m[35m (0.2ms)[0m  [1m[35mBEGIN[0m
  ↳ db/seeds.rb:10
  [1m[36mUser Exists (0.5ms)[0m  [1m[34mSELECT  1 AS one FROM "users" WHERE "users"."email" = $1 LIMIT $2[0m  [["email", "deltanu@gmail.com"], ["LIMIT", 1]]
  ↳ db/seeds.rb:10
  [1m[36mUser Create (0.5ms)[0m  [1m[32mINSERT INTO "users" ("first_name", "last_name", "birthday", "gender", "email", "password_digest", "session_token", "created_at", "updated_at") VALUES ($1, $2, $3, $4, $5, $6, $7, $8, $9) RETURNING "id"[0m  [["first_name", "Elle"], ["last_name", "Woods"], ["birthday", "1985-07-05"], ["gender", "Female"], ["email", "deltanu@gmail.com"], ["password_digest", "$2a$12$TgtfRxmdU0uh9NWw.KtwROHLCNmQnlT/OVJnsnNo5Ga6r5BWdhlN."], ["session_token", "BiLjQPzdyQXw2QjwSxfo5Q"], ["created_at", "2021-02-10 16:26:17.526481"], ["updated_at", "2021-02-10 16:26:17.526481"]]
  ↳ db/seeds.rb:10
  [1m[35m (0.4ms)[0m  [1m[35mCOMMIT[0m
  ↳ db/seeds.rb:10
  [1m[35m (0.3ms)[0m  [1m[35mBEGIN[0m
  ↳ db/seeds.rb:16
  [1m[36mUser Exists (0.5ms)[0m  [1m[34mSELECT  1 AS one FROM "users" WHERE "users"."email" = $1 LIMIT $2[0m  [["email", "spiceworld@gmail.com"], ["LIMIT", 1]]
  ↳ db/seeds.rb:16
  [1m[36mUser Create (0.5ms)[0m  [1m[32mINSERT INTO "users" ("first_name", "last_name", "birthday", "gender", "email", "password_digest", "session_token", "created_at", "updated_at") VALUES ($1, $2, $3, $4, $5, $6, $7, $8, $9) RETURNING "id"[0m  [["first_name", "Ginger"], ["last_name", "Spice"], ["birthday", "1980-04-01"], ["gender", "Female"], ["email", "spiceworld@gmail.com"], ["password_digest", "$2a$12$EvNgarVZTXSa4tH9nVZOxe7/jTUtVwemcTLPCwtHPhKxzB.ROnTcq"], ["session_token", "GlFuiRMtivZgme7_C21hHw"], ["created_at", "2021-02-10 16:26:17.827807"], ["updated_at", "2021-02-10 16:26:17.827807"]]
  ↳ db/seeds.rb:16
  [1m[35m (0.5ms)[0m  [1m[35mCOMMIT[0m
  ↳ db/seeds.rb:16
  [1m[35m (1.3ms)[0m  [1m[34mSELECT "schema_migrations"."version" FROM "schema_migrations" ORDER BY "schema_migrations"."version" ASC[0m
  ↳ bin/rails:9
  [1m[36mUser Load (1.5ms)[0m  [1m[34mSELECT "users".* FROM "users"[0m
  ↳ db/seeds.rb:8
  [1m[35m (0.2ms)[0m  [1m[35mBEGIN[0m
  ↳ db/seeds.rb:8
  [1m[36mUser Destroy (0.7ms)[0m  [1m[31mDELETE FROM "users" WHERE "users"."id" = $1[0m  [["id", 1]]
  ↳ db/seeds.rb:8
  [1m[35m (3.8ms)[0m  [1m[35mCOMMIT[0m
  ↳ db/seeds.rb:8
  [1m[35m (0.2ms)[0m  [1m[35mBEGIN[0m
  ↳ db/seeds.rb:8
  [1m[36mUser Destroy (0.4ms)[0m  [1m[31mDELETE FROM "users" WHERE "users"."id" = $1[0m  [["id", 2]]
  ↳ db/seeds.rb:8
  [1m[35m (0.4ms)[0m  [1m[35mCOMMIT[0m
  ↳ db/seeds.rb:8
  [1m[35m (0.1ms)[0m  [1m[35mBEGIN[0m
  ↳ db/seeds.rb:8
  [1m[36mUser Destroy (1.7ms)[0m  [1m[31mDELETE FROM "users" WHERE "users"."id" = $1[0m  [["id", 3]]
  ↳ db/seeds.rb:8
  [1m[35m (0.4ms)[0m  [1m[35mCOMMIT[0m
  ↳ db/seeds.rb:8
  [1m[35m (0.1ms)[0m  [1m[35mBEGIN[0m
  ↳ db/seeds.rb:8
  [1m[36mUser Destroy (0.4ms)[0m  [1m[31mDELETE FROM "users" WHERE "users"."id" = $1[0m  [["id", 4]]
  ↳ db/seeds.rb:8
  [1m[35m (0.4ms)[0m  [1m[35mCOMMIT[0m
  ↳ db/seeds.rb:8
  [1m[35m (0.2ms)[0m  [1m[35mBEGIN[0m
  ↳ db/seeds.rb:10
  [1m[36mUser Exists (0.8ms)[0m  [1m[34mSELECT  1 AS one FROM "users" WHERE "users"."email" = $1 LIMIT $2[0m  [["email", "scienceguy@gmail.com"], ["LIMIT", 1]]
  ↳ db/seeds.rb:10
  [1m[36mUser Create (0.9ms)[0m  [1m[32mINSERT INTO "users" ("first_name", "last_name", "birthday", "gender", "email", "password_digest", "session_token", "created_at", "updated_at") VALUES ($1, $2, $3, $4, $5, $6, $7, $8, $9) RETURNING "id"[0m  [["first_name", "Bill"], ["last_name", "Nye"], ["birthday", "1955-12-04"], ["gender", "Male"], ["email", "scienceguy@gmail.com"], ["password_digest", "$2a$12$mLac19AVZ6adeyZCAZXXxOeUkDM7KlkJbRtQA9KEi6Wimf2nx.d2K"], ["session_token", "mmy4zMWVR_heXst9b26Mig"], ["created_at", "2021-02-10 16:26:26.605289"], ["updated_at", "2021-02-10 16:26:26.605289"]]
  ↳ db/seeds.rb:10
  [1m[35m (4.0ms)[0m  [1m[35mCOMMIT[0m
  ↳ db/seeds.rb:10
  [1m[35m (0.2ms)[0m  [1m[35mBEGIN[0m
  ↳ db/seeds.rb:10
  [1m[36mUser Exists (0.6ms)[0m  [1m[34mSELECT  1 AS one FROM "users" WHERE "users"."email" = $1 LIMIT $2[0m  [["email", "magicschoolbus@gmail.com"], ["LIMIT", 1]]
  ↳ db/seeds.rb:10
  [1m[36mUser Create (0.5ms)[0m  [1m[32mINSERT INTO "users" ("first_name", "last_name", "birthday", "gender", "email", "password_digest", "session_token", "created_at", "updated_at") VALUES ($1, $2, $3, $4, $5, $6, $7, $8, $9) RETURNING "id"[0m  [["first_name", "Miss"], ["last_name", "Frizzle"], ["birthday", "1960-10-12"], ["gender", "Female"], ["email", "magicschoolbus@gmail.com"], ["password_digest", "$2a$12$lTfdE7byZkFuQcakskM0vesRXfGfrpyqKn3.yUU2pjHjRkTIC/bwW"], ["session_token", "7-EzR6wWL4MrY8QebR7iRg"], ["created_at", "2021-02-10 16:26:26.917448"], ["updated_at", "2021-02-10 16:26:26.917448"]]
  ↳ db/seeds.rb:10
  [1m[35m (4.2ms)[0m  [1m[35mCOMMIT[0m
  ↳ db/seeds.rb:10
  [1m[35m (0.9ms)[0m  [1m[35mBEGIN[0m
  ↳ db/seeds.rb:10
  [1m[36mUser Exists (0.5ms)[0m  [1m[34mSELECT  1 AS one FROM "users" WHERE "users"."email" = $1 LIMIT $2[0m  [["email", "deltanu@gmail.com"], ["LIMIT", 1]]
  ↳ db/seeds.rb:10
  [1m[36mUser Create (0.5ms)[0m  [1m[32mINSERT INTO "users" ("first_name", "last_name", "birthday", "gender", "email", "password_digest", "session_token", "created_at", "updated_at") VALUES ($1, $2, $3, $4, $5, $6, $7, $8, $9) RETURNING "id"[0m  [["first_name", "Elle"], ["last_name", "Woods"], ["birthday", "1985-07-05"], ["gender", "Female"], ["email", "deltanu@gmail.com"], ["password_digest", "$2a$12$aQSH0u.yHN3PwD2HaLyZdefzqX07EWH9H6.gApaaG1ol.elanhjHq"], ["session_token", "tq1yP_YrAjSfKrA_5AR12w"], ["created_at", "2021-02-10 16:26:27.221984"], ["updated_at", "2021-02-10 16:26:27.221984"]]
  ↳ db/seeds.rb:10
  [1m[35m (3.8ms)[0m  [1m[35mCOMMIT[0m
  ↳ db/seeds.rb:10
  [1m[35m (0.2ms)[0m  [1m[35mBEGIN[0m
  ↳ db/seeds.rb:16
  [1m[36mUser Exists (0.5ms)[0m  [1m[34mSELECT  1 AS one FROM "users" WHERE "users"."email" = $1 LIMIT $2[0m  [["email", "spiceworld@gmail.com"], ["LIMIT", 1]]
  ↳ db/seeds.rb:16
  [1m[36mUser Create (0.6ms)[0m  [1m[32mINSERT INTO "users" ("first_name", "last_name", "birthday", "gender", "email", "password_digest", "session_token", "created_at", "updated_at") VALUES ($1, $2, $3, $4, $5, $6, $7, $8, $9) RETURNING "id"[0m  [["first_name", "Ginger"], ["last_name", "Spice"], ["birthday", "1980-04-01"], ["gender", "Female"], ["email", "spiceworld@gmail.com"], ["password_digest", "$2a$12$zJhuKbTtoZ5bQzGHhDp9M.fBLBhPsAE7UZ8JS6j91A2m3zZyNpMc."], ["session_token", "webr68tw8RFPsWtcDdZTzg"], ["created_at", "2021-02-10 16:26:27.523397"], ["updated_at", "2021-02-10 16:26:27.523397"]]
  ↳ db/seeds.rb:16
  [1m[35m (1.8ms)[0m  [1m[35mCOMMIT[0m
  ↳ db/seeds.rb:16
Started GET "/" for ::1 at 2021-02-10 10:33:31 -0600
Processing by StaticPagesController#root as HTML
  Rendering static_pages/root.html.erb within layouts/application
  Rendered static_pages/root.html.erb within layouts/application (2.5ms)
Completed 200 OK in 735ms (Views: 700.7ms | ActiveRecord: 0.0ms)


Started POST "/api/users" for ::1 at 2021-02-10 10:33:32 -0600
Processing by Api::UsersController#create as JSON
Completed 400 Bad Request in 14ms (ActiveRecord: 0.0ms)



ActionController::ParameterMissing - param is missing or the value is empty: user:
  app/controllers/api/users_controller.rb:34:in `user_params'
  app/controllers/api/users_controller.rb:3:in `create'

Started GET "/" for ::1 at 2021-02-10 10:34:38 -0600
Processing by StaticPagesController#root as HTML
  Rendering static_pages/root.html.erb within layouts/application
  Rendered static_pages/root.html.erb within layouts/application (1.1ms)
Completed 200 OK in 585ms (Views: 579.0ms | ActiveRecord: 0.0ms)


Started POST "/api/users" for ::1 at 2021-02-10 10:34:39 -0600
Processing by Api::UsersController#create as JSON
Completed 400 Bad Request in 3ms (ActiveRecord: 0.0ms)



ActionController::ParameterMissing - param is missing or the value is empty: user:
  app/controllers/api/users_controller.rb:34:in `user_params'
  app/controllers/api/users_controller.rb:3:in `create'

Started GET "/" for ::1 at 2021-02-10 10:35:16 -0600
Processing by StaticPagesController#root as HTML
  Rendering static_pages/root.html.erb within layouts/application
  Rendered static_pages/root.html.erb within layouts/application (0.4ms)
Completed 200 OK in 508ms (Views: 503.8ms | ActiveRecord: 0.0ms)


Started GET "/" for ::1 at 2021-02-10 11:15:48 -0600
Processing by StaticPagesController#root as HTML
  Rendering static_pages/root.html.erb within layouts/application
  Rendered static_pages/root.html.erb within layouts/application (2.7ms)
Completed 200 OK in 760ms (Views: 733.4ms | ActiveRecord: 0.0ms)


Started GET "/" for ::1 at 2021-02-10 11:21:48 -0600
Processing by StaticPagesController#root as HTML
  Rendering static_pages/root.html.erb within layouts/application
  Rendered static_pages/root.html.erb within layouts/application (2.1ms)
Completed 200 OK in 611ms (Views: 600.3ms | ActiveRecord: 0.0ms)


Started GET "/" for ::1 at 2021-02-10 11:26:48 -0600
Processing by StaticPagesController#root as HTML
  Rendering static_pages/root.html.erb within layouts/application
  Rendered static_pages/root.html.erb within layouts/application (3.1ms)
Completed 200 OK in 810ms (Views: 791.6ms | ActiveRecord: 0.0ms)


Started GET "/" for ::1 at 2021-02-10 11:32:21 -0600
Processing by StaticPagesController#root as HTML
  Rendering static_pages/root.html.erb within layouts/application
  Rendered static_pages/root.html.erb within layouts/application (3.2ms)
Completed 200 OK in 170ms (Views: 162.0ms | ActiveRecord: 0.0ms)


Started GET "/" for ::1 at 2021-02-10 11:32:56 -0600
Processing by StaticPagesController#root as HTML
  Rendering static_pages/root.html.erb within layouts/application
  Rendered static_pages/root.html.erb within layouts/application (0.7ms)
Completed 200 OK in 84ms (Views: 74.3ms | ActiveRecord: 0.0ms)


Started GET "/" for ::1 at 2021-02-10 12:01:51 -0600
Processing by StaticPagesController#root as HTML
  Rendering static_pages/root.html.erb within layouts/application
  Rendered static_pages/root.html.erb within layouts/application (1.3ms)
Completed 200 OK in 1032ms (Views: 1004.1ms | ActiveRecord: 0.0ms)


Started POST "/api/users" for ::1 at 2021-02-10 12:02:38 -0600
Processing by Api::UsersController#create as JSON
  Parameters: {"user"=>{"first_name"=>"Ginger", "last_name"=>"Spice", "birthday"=>"01-04-1980", "gender"=>"Female", "email"=>"spiceworld@gmail.com", "password"=>"[FILTERED]"}}
  [1m[35m (4.6ms)[0m  [1m[35mBEGIN[0m
  ↳ app/controllers/api/users_controller.rb:5
  [1m[36mUser Exists (32.8ms)[0m  [1m[34mSELECT  1 AS one FROM "users" WHERE "users"."email" = $1 LIMIT $2[0m  [["email", "spiceworld@gmail.com"], ["LIMIT", 1]]
  ↳ app/controllers/api/users_controller.rb:5
  [1m[35m (14.3ms)[0m  [1m[31mROLLBACK[0m
  ↳ app/controllers/api/users_controller.rb:5
Completed 422 Unprocessable Entity in 62515ms (Views: 0.7ms | ActiveRecord: 145.1ms)


Started GET "/" for ::1 at 2021-02-10 12:04:48 -0600
Processing by StaticPagesController#root as HTML
  Rendering static_pages/root.html.erb within layouts/application
  Rendered static_pages/root.html.erb within layouts/application (6.1ms)
Completed 200 OK in 157ms (Views: 142.9ms | ActiveRecord: 0.0ms)


Started POST "/api/users" for ::1 at 2021-02-10 12:05:18 -0600
Processing by Api::UsersController#create as JSON
  Parameters: {"user"=>{"first_name"=>"Ginger", "last_name"=>"Spice", "birthday"=>"01-04-1980", "gender"=>"Female", "email"=>"spiceworld@gmail.com", "password"=>"[FILTERED]"}}
  [1m[35m (0.3ms)[0m  [1m[35mBEGIN[0m
  ↳ app/controllers/api/users_controller.rb:5
  [1m[36mUser Exists (6.6ms)[0m  [1m[34mSELECT  1 AS one FROM "users" WHERE "users"."email" = $1 LIMIT $2[0m  [["email", "spiceworld@gmail.com"], ["LIMIT", 1]]
  ↳ app/controllers/api/users_controller.rb:5
  [1m[35m (2.5ms)[0m  [1m[31mROLLBACK[0m
  ↳ app/controllers/api/users_controller.rb:5
Completed 422 Unprocessable Entity in 155654ms (Views: 5.0ms | ActiveRecord: 152.4ms)


Started POST "/api/users" for ::1 at 2021-02-10 12:07:54 -0600
Processing by Api::UsersController#create as JSON
  Parameters: {"user"=>{"first_name"=>"a", "last_name"=>"Spice", "birthday"=>"01-04-1980", "gender"=>"Female", "email"=>"a@gmail.com", "password"=>"[FILTERED]"}}
  [1m[35m (0.3ms)[0m  [1m[35mBEGIN[0m
  ↳ app/controllers/api/users_controller.rb:5
  [1m[36mUser Exists (2.3ms)[0m  [1m[34mSELECT  1 AS one FROM "users" WHERE "users"."email" = $1 LIMIT $2[0m  [["email", "a@gmail.com"], ["LIMIT", 1]]
  ↳ app/controllers/api/users_controller.rb:5
  [1m[36mUser Create (58.4ms)[0m  [1m[32mINSERT INTO "users" ("first_name", "last_name", "birthday", "gender", "email", "password_digest", "session_token", "created_at", "updated_at") VALUES ($1, $2, $3, $4, $5, $6, $7, $8, $9) RETURNING "id"[0m  [["first_name", "a"], ["last_name", "Spice"], ["birthday", "1980-04-01"], ["gender", "Female"], ["email", "a@gmail.com"], ["password_digest", "$2a$12$zAln2KI9dR2p0Lwu9WOqI.ckOLAjQuBzE2BfW4g8Ap04cBYFRcBaC"], ["session_token", "2s_jtnxpbekmZeryvX2CSw"], ["created_at", "2021-02-10 18:07:54.831102"], ["updated_at", "2021-02-10 18:07:54.831102"]]
  ↳ app/controllers/api/users_controller.rb:5
  [1m[35m (10.2ms)[0m  [1m[35mCOMMIT[0m
  ↳ app/controllers/api/users_controller.rb:5
  [1m[35m (0.4ms)[0m  [1m[35mBEGIN[0m
  ↳ app/models/user.rb:54
  [1m[36mUser Exists (1.8ms)[0m  [1m[34mSELECT  1 AS one FROM "users" WHERE "users"."email" = $1 AND "users"."id" != $2 LIMIT $3[0m  [["email", "a@gmail.com"], ["id", 9], ["LIMIT", 1]]
  ↳ app/models/user.rb:54
  [1m[36mUser Update (44.4ms)[0m  [1m[33mUPDATE "users" SET "session_token" = $1, "updated_at" = $2 WHERE "users"."id" = $3[0m  [["session_token", "WIJ3AKa1Qq_C_MNGKZzo_Q"], ["updated_at", "2021-02-10 18:07:54.945026"], ["id", 9]]
  ↳ app/models/user.rb:54
  [1m[35m (9.7ms)[0m  [1m[35mCOMMIT[0m
  ↳ app/models/user.rb:54
  Rendering api/users/show.json.jbuilder
  Rendered api/users/_user.json.jbuilder (37.1ms)
  Rendered api/users/show.json.jbuilder (70.3ms)
Completed 200 OK in 853ms (Views: 121.1ms | ActiveRecord: 127.5ms)


Started GET "/" for ::1 at 2021-02-10 12:11:01 -0600
Processing by StaticPagesController#root as HTML
  Rendering static_pages/root.html.erb within layouts/application
  Rendered static_pages/root.html.erb within layouts/application (2.2ms)
Completed 200 OK in 1853ms (Views: 1840.1ms | ActiveRecord: 0.0ms)


Started POST "/api/users" for ::1 at 2021-02-10 12:11:28 -0600
Processing by Api::UsersController#create as JSON
  Parameters: {"user"=>{"first_name"=>"b", "last_name"=>"Spice", "birthday"=>"01-04-1980", "gender"=>"Female", "email"=>"b@gmail.com", "password"=>"[FILTERED]"}}
  [1m[35m (0.4ms)[0m  [1m[35mBEGIN[0m
  ↳ app/controllers/api/users_controller.rb:5
  [1m[36mUser Exists (0.8ms)[0m  [1m[34mSELECT  1 AS one FROM "users" WHERE "users"."email" = $1 LIMIT $2[0m  [["email", "b@gmail.com"], ["LIMIT", 1]]
  ↳ app/controllers/api/users_controller.rb:5
  [1m[36mUser Create (6.0ms)[0m  [1m[32mINSERT INTO "users" ("first_name", "last_name", "birthday", "gender", "email", "password_digest", "session_token", "created_at", "updated_at") VALUES ($1, $2, $3, $4, $5, $6, $7, $8, $9) RETURNING "id"[0m  [["first_name", "b"], ["last_name", "Spice"], ["birthday", "1980-04-01"], ["gender", "Female"], ["email", "b@gmail.com"], ["password_digest", "$2a$12$0d4430JWV7/.fLD0iFleIehEtrdE.9XPWORclmxGA5J.VRGPs9ueS"], ["session_token", "uP1S-Shvw6PxqMFbaWYIOw"], ["created_at", "2021-02-10 18:11:28.981740"], ["updated_at", "2021-02-10 18:11:28.981740"]]
  ↳ app/controllers/api/users_controller.rb:5
  [1m[35m (6.4ms)[0m  [1m[35mCOMMIT[0m
  ↳ app/controllers/api/users_controller.rb:5
  [1m[35m (0.3ms)[0m  [1m[35mBEGIN[0m
  ↳ app/models/user.rb:54
  [1m[36mUser Exists (0.8ms)[0m  [1m[34mSELECT  1 AS one FROM "users" WHERE "users"."email" = $1 AND "users"."id" != $2 LIMIT $3[0m  [["email", "b@gmail.com"], ["id", 10], ["LIMIT", 1]]
  ↳ app/models/user.rb:54
  [1m[36mUser Update (13.7ms)[0m  [1m[33mUPDATE "users" SET "session_token" = $1, "updated_at" = $2 WHERE "users"."id" = $3[0m  [["session_token", "PK7hc6SQqyzQwJgWhiPqxA"], ["updated_at", "2021-02-10 18:11:29.008033"], ["id", 10]]
  ↳ app/models/user.rb:54
  [1m[35m (6.2ms)[0m  [1m[35mCOMMIT[0m
  ↳ app/models/user.rb:54
  Rendering api/users/show.json.jbuilder
  Rendered api/users/_user.json.jbuilder (1.8ms)
  Rendered api/users/show.json.jbuilder (10.2ms)
Completed 200 OK in 672ms (Views: 44.8ms | ActiveRecord: 125.7ms)


Started GET "/" for ::1 at 2021-02-10 12:14:26 -0600
Processing by StaticPagesController#root as HTML
  Rendering static_pages/root.html.erb within layouts/application
  Rendered static_pages/root.html.erb within layouts/application (3.2ms)
Completed 200 OK in 1046ms (Views: 1025.2ms | ActiveRecord: 0.0ms)


Started POST "/api/users" for ::1 at 2021-02-10 12:15:23 -0600
Processing by Api::UsersController#create as JSON
  Parameters: {"user"=>{"first_name"=>"c", "last_name"=>"Spice", "birthday"=>"01-04-1980", "gender"=>"Female", "email"=>"c@gmail.com", "password"=>"[FILTERED]"}}
  [1m[35m (0.2ms)[0m  [1m[35mBEGIN[0m
  ↳ app/controllers/api/users_controller.rb:5
  [1m[36mUser Exists (1.5ms)[0m  [1m[34mSELECT  1 AS one FROM "users" WHERE "users"."email" = $1 LIMIT $2[0m  [["email", "c@gmail.com"], ["LIMIT", 1]]
  ↳ app/controllers/api/users_controller.rb:5
  [1m[36mUser Create (2.8ms)[0m  [1m[32mINSERT INTO "users" ("first_name", "last_name", "birthday", "gender", "email", "password_digest", "session_token", "created_at", "updated_at") VALUES ($1, $2, $3, $4, $5, $6, $7, $8, $9) RETURNING "id"[0m  [["first_name", "c"], ["last_name", "Spice"], ["birthday", "1980-04-01"], ["gender", "Female"], ["email", "c@gmail.com"], ["password_digest", "$2a$12$CNU4tXlw0gmBzP4zUlObrOxTjb8UB83dKTp8OQxwew0i0ckXQ0cQi"], ["session_token", "KzH7TKbL7KFf01V70heIHg"], ["created_at", "2021-02-10 18:15:23.790150"], ["updated_at", "2021-02-10 18:15:23.790150"]]
  ↳ app/controllers/api/users_controller.rb:5
  [1m[35m (4.5ms)[0m  [1m[35mCOMMIT[0m
  ↳ app/controllers/api/users_controller.rb:5
  [1m[35m (0.3ms)[0m  [1m[35mBEGIN[0m
  ↳ app/models/user.rb:54
  [1m[36mUser Exists (1.1ms)[0m  [1m[34mSELECT  1 AS one FROM "users" WHERE "users"."email" = $1 AND "users"."id" != $2 LIMIT $3[0m  [["email", "c@gmail.com"], ["id", 11], ["LIMIT", 1]]
  ↳ app/models/user.rb:54
  [1m[36mUser Update (0.9ms)[0m  [1m[33mUPDATE "users" SET "session_token" = $1, "updated_at" = $2 WHERE "users"."id" = $3[0m  [["session_token", "IxXoW6sh9M8jvIEBLzUuJA"], ["updated_at", "2021-02-10 18:15:23.807214"], ["id", 11]]
  ↳ app/models/user.rb:54
  [1m[35m (0.4ms)[0m  [1m[35mCOMMIT[0m
  ↳ app/models/user.rb:54
  Rendering api/users/show.json.jbuilder
  Rendered api/users/_user.json.jbuilder (1.1ms)
  Rendered api/users/show.json.jbuilder (5.9ms)
Completed 200 OK in 396ms (Views: 30.5ms | ActiveRecord: 11.7ms)


Started GET "/" for ::1 at 2021-02-10 12:16:51 -0600
Processing by StaticPagesController#root as HTML
  Rendering static_pages/root.html.erb within layouts/application
  Rendered static_pages/root.html.erb within layouts/application (1.6ms)
Completed 200 OK in 1224ms (Views: 1211.1ms | ActiveRecord: 0.0ms)


Started POST "/api/users" for ::1 at 2021-02-10 12:20:08 -0600
Processing by Api::UsersController#create as JSON
  Parameters: {"user"=>{"first_name"=>"d", "last_name"=>"Spice", "birthday"=>"01-04-1980", "gender"=>"Female", "email"=>"d@gmail.com", "password"=>"[FILTERED]"}}
  [1m[35m (0.3ms)[0m  [1m[35mBEGIN[0m
  ↳ app/controllers/api/users_controller.rb:5
  [1m[36mUser Exists (1.2ms)[0m  [1m[34mSELECT  1 AS one FROM "users" WHERE "users"."email" = $1 LIMIT $2[0m  [["email", "d@gmail.com"], ["LIMIT", 1]]
  ↳ app/controllers/api/users_controller.rb:5
  [1m[36mUser Create (5.8ms)[0m  [1m[32mINSERT INTO "users" ("first_name", "last_name", "birthday", "gender", "email", "password_digest", "session_token", "created_at", "updated_at") VALUES ($1, $2, $3, $4, $5, $6, $7, $8, $9) RETURNING "id"[0m  [["first_name", "d"], ["last_name", "Spice"], ["birthday", "1980-04-01"], ["gender", "Female"], ["email", "d@gmail.com"], ["password_digest", "$2a$12$eUweZZ7BmpPlGuGuAH/.WeVbfACilDDcr/84KqaIQlWXb6QqVGrku"], ["session_token", "KbOGwYUWEBkux-BsB1nMYw"], ["created_at", "2021-02-10 18:20:08.876938"], ["updated_at", "2021-02-10 18:20:08.876938"]]
  ↳ app/controllers/api/users_controller.rb:5
  [1m[35m (1.5ms)[0m  [1m[35mCOMMIT[0m
  ↳ app/controllers/api/users_controller.rb:5
  [1m[35m (0.8ms)[0m  [1m[35mBEGIN[0m
  ↳ app/models/user.rb:54
  [1m[36mUser Exists (0.8ms)[0m  [1m[34mSELECT  1 AS one FROM "users" WHERE "users"."email" = $1 AND "users"."id" != $2 LIMIT $3[0m  [["email", "d@gmail.com"], ["id", 12], ["LIMIT", 1]]
  ↳ app/models/user.rb:54
  [1m[36mUser Update (0.8ms)[0m  [1m[33mUPDATE "users" SET "session_token" = $1, "updated_at" = $2 WHERE "users"."id" = $3[0m  [["session_token", "jhBtf3a8fLL5hq65pPppBA"], ["updated_at", "2021-02-10 18:20:08.895697"], ["id", 12]]
  ↳ app/models/user.rb:54
  [1m[35m (0.4ms)[0m  [1m[35mCOMMIT[0m
  ↳ app/models/user.rb:54
  Rendering api/users/show.json.jbuilder
  Rendered api/users/_user.json.jbuilder (1.5ms)
  Rendered api/users/show.json.jbuilder (8.5ms)
Completed 200 OK in 380ms (Views: 25.0ms | ActiveRecord: 11.7ms)


Started DELETE "/api/session" for ::1 at 2021-02-10 12:20:43 -0600
Processing by Api::SessionsController#destroy as JSON
  [1m[36mUser Load (6.8ms)[0m  [1m[34mSELECT  "users".* FROM "users" WHERE "users"."session_token" = $1 LIMIT $2[0m  [["session_token", "jhBtf3a8fLL5hq65pPppBA"], ["LIMIT", 1]]
  ↳ app/controllers/application_controller.rb:7
  [1m[35m (0.2ms)[0m  [1m[35mBEGIN[0m
  ↳ app/models/user.rb:54
  [1m[36mUser Exists (1.0ms)[0m  [1m[34mSELECT  1 AS one FROM "users" WHERE "users"."email" = $1 AND "users"."id" != $2 LIMIT $3[0m  [["email", "d@gmail.com"], ["id", 12], ["LIMIT", 1]]
  ↳ app/models/user.rb:54
  [1m[36mUser Update (1.1ms)[0m  [1m[33mUPDATE "users" SET "session_token" = $1, "updated_at" = $2 WHERE "users"."id" = $3[0m  [["session_token", "JUCYcU1X-UggWoLA1V3b-A"], ["updated_at", "2021-02-10 18:20:43.706426"], ["id", 12]]
  ↳ app/models/user.rb:54
  [1m[35m (9.0ms)[0m  [1m[35mCOMMIT[0m
  ↳ app/models/user.rb:54
Completed 200 OK in 51ms (Views: 1.2ms | ActiveRecord: 19.2ms)


Started GET "/" for ::1 at 2021-02-10 12:21:52 -0600
Processing by StaticPagesController#root as HTML
  Rendering static_pages/root.html.erb within layouts/application
  Rendered static_pages/root.html.erb within layouts/application (0.7ms)
Completed 200 OK in 602ms (Views: 593.3ms | ActiveRecord: 0.0ms)


Started POST "/api/users" for ::1 at 2021-02-10 12:22:17 -0600
Processing by Api::UsersController#create as JSON
  Parameters: {"user"=>{"first_name"=>"e", "last_name"=>"Spice", "birthday"=>"01-04-1980", "gender"=>"Female", "email"=>"e@gmail.com", "password"=>"[FILTERED]"}}
  [1m[35m (0.3ms)[0m  [1m[35mBEGIN[0m
  ↳ app/controllers/api/users_controller.rb:5
  [1m[36mUser Exists (0.8ms)[0m  [1m[34mSELECT  1 AS one FROM "users" WHERE "users"."email" = $1 LIMIT $2[0m  [["email", "e@gmail.com"], ["LIMIT", 1]]
  ↳ app/controllers/api/users_controller.rb:5
  [1m[36mUser Create (3.1ms)[0m  [1m[32mINSERT INTO "users" ("first_name", "last_name", "birthday", "gender", "email", "password_digest", "session_token", "created_at", "updated_at") VALUES ($1, $2, $3, $4, $5, $6, $7, $8, $9) RETURNING "id"[0m  [["first_name", "e"], ["last_name", "Spice"], ["birthday", "1980-04-01"], ["gender", "Female"], ["email", "e@gmail.com"], ["password_digest", "$2a$12$9c05UoCL9xlbMlSBbMD2yO8pnRvQ3JOZwMJgPmuNMDmpZbuMnVNCq"], ["session_token", "y6uKbmM3S5rOL9fWHxzGZA"], ["created_at", "2021-02-10 18:22:17.782817"], ["updated_at", "2021-02-10 18:22:17.782817"]]
  ↳ app/controllers/api/users_controller.rb:5
  [1m[35m (0.5ms)[0m  [1m[35mCOMMIT[0m
  ↳ app/controllers/api/users_controller.rb:5
  [1m[35m (0.2ms)[0m  [1m[35mBEGIN[0m
  ↳ app/models/user.rb:54
  [1m[36mUser Exists (0.7ms)[0m  [1m[34mSELECT  1 AS one FROM "users" WHERE "users"."email" = $1 AND "users"."id" != $2 LIMIT $3[0m  [["email", "e@gmail.com"], ["id", 13], ["LIMIT", 1]]
  ↳ app/models/user.rb:54
  [1m[36mUser Update (0.8ms)[0m  [1m[33mUPDATE "users" SET "session_token" = $1, "updated_at" = $2 WHERE "users"."id" = $3[0m  [["session_token", "svgO2Oy9WrDHNBGcwlcRCQ"], ["updated_at", "2021-02-10 18:22:17.796056"], ["id", 13]]
  ↳ app/models/user.rb:54
  [1m[35m (6.2ms)[0m  [1m[35mCOMMIT[0m
  ↳ app/models/user.rb:54
  Rendering api/users/show.json.jbuilder
  Rendered api/users/_user.json.jbuilder (1.2ms)
  Rendered api/users/show.json.jbuilder (7.2ms)
Completed 200 OK in 366ms (Views: 28.5ms | ActiveRecord: 12.5ms)


Started DELETE "/api/session" for ::1 at 2021-02-10 12:22:37 -0600
Processing by Api::SessionsController#destroy as JSON
  [1m[36mUser Load (0.9ms)[0m  [1m[34mSELECT  "users".* FROM "users" WHERE "users"."session_token" = $1 LIMIT $2[0m  [["session_token", "svgO2Oy9WrDHNBGcwlcRCQ"], ["LIMIT", 1]]
  ↳ app/controllers/application_controller.rb:7
  [1m[35m (0.2ms)[0m  [1m[35mBEGIN[0m
  ↳ app/models/user.rb:54
  [1m[36mUser Exists (0.8ms)[0m  [1m[34mSELECT  1 AS one FROM "users" WHERE "users"."email" = $1 AND "users"."id" != $2 LIMIT $3[0m  [["email", "e@gmail.com"], ["id", 13], ["LIMIT", 1]]
  ↳ app/models/user.rb:54
  [1m[36mUser Update (0.8ms)[0m  [1m[33mUPDATE "users" SET "session_token" = $1, "updated_at" = $2 WHERE "users"."id" = $3[0m  [["session_token", "2DybRcwVLV7qa0Mt8vwmkg"], ["updated_at", "2021-02-10 18:22:37.845348"], ["id", 13]]
  ↳ app/models/user.rb:54
  [1m[35m (3.7ms)[0m  [1m[35mCOMMIT[0m
  ↳ app/models/user.rb:54
Completed 200 OK in 17ms (Views: 0.3ms | ActiveRecord: 6.5ms)


Started POST "/api/session" for ::1 at 2021-02-10 12:23:02 -0600
Processing by Api::SessionsController#create as JSON
  Parameters: {"user"=>{"first_name"=>"e", "last_name"=>"Spice", "birthday"=>"01-04-1980", "gender"=>"Female", "email"=>"e@gmail.com", "password"=>"[FILTERED]"}}
  [1m[36mUser Load (3.8ms)[0m  [1m[34mSELECT  "users".* FROM "users" WHERE "users"."email" = $1 LIMIT $2[0m  [["email", "e@gmail.com"], ["LIMIT", 1]]
  ↳ app/models/user.rb:35
  [1m[35m (0.4ms)[0m  [1m[35mBEGIN[0m
  ↳ app/models/user.rb:54
  [1m[36mUser Exists (1.4ms)[0m  [1m[34mSELECT  1 AS one FROM "users" WHERE "users"."email" = $1 AND "users"."id" != $2 LIMIT $3[0m  [["email", "e@gmail.com"], ["id", 13], ["LIMIT", 1]]
  ↳ app/models/user.rb:54
  [1m[36mUser Update (0.7ms)[0m  [1m[33mUPDATE "users" SET "session_token" = $1, "updated_at" = $2 WHERE "users"."id" = $3[0m  [["session_token", "7F18z6SmffxyZMtsBLD3IQ"], ["updated_at", "2021-02-10 18:23:03.106098"], ["id", 13]]
  ↳ app/models/user.rb:54
  [1m[35m (3.5ms)[0m  [1m[35mCOMMIT[0m
  ↳ app/models/user.rb:54
  Rendering api/users/show.json.jbuilder
  Rendered api/users/_user.json.jbuilder (0.6ms)
  Rendered api/users/show.json.jbuilder (4.9ms)
Completed 200 OK in 355ms (Views: 21.3ms | ActiveRecord: 9.8ms)


Started DELETE "/api/session" for ::1 at 2021-02-10 12:23:40 -0600
Processing by Api::SessionsController#destroy as JSON
  [1m[36mUser Load (1.0ms)[0m  [1m[34mSELECT  "users".* FROM "users" WHERE "users"."session_token" = $1 LIMIT $2[0m  [["session_token", "7F18z6SmffxyZMtsBLD3IQ"], ["LIMIT", 1]]
  ↳ app/controllers/application_controller.rb:7
  [1m[35m (0.2ms)[0m  [1m[35mBEGIN[0m
  ↳ app/models/user.rb:54
  [1m[36mUser Exists (1.4ms)[0m  [1m[34mSELECT  1 AS one FROM "users" WHERE "users"."email" = $1 AND "users"."id" != $2 LIMIT $3[0m  [["email", "e@gmail.com"], ["id", 13], ["LIMIT", 1]]
  ↳ app/models/user.rb:54
  [1m[36mUser Update (1.5ms)[0m  [1m[33mUPDATE "users" SET "session_token" = $1, "updated_at" = $2 WHERE "users"."id" = $3[0m  [["session_token", "i-DQWe1IOk0tG50hTrCQqg"], ["updated_at", "2021-02-10 18:23:40.232733"], ["id", 13]]
  ↳ app/models/user.rb:54
  [1m[35m (6.7ms)[0m  [1m[35mCOMMIT[0m
  ↳ app/models/user.rb:54
Completed 200 OK in 46ms (Views: 0.3ms | ActiveRecord: 10.8ms)


Started POST "/api/users" for ::1 at 2021-02-10 12:24:17 -0600
Processing by Api::UsersController#create as JSON
  Parameters: {"user"=>{"first_name"=>"f", "last_name"=>"Spice", "birthday"=>"01-04-1980", "gender"=>"Female", "email"=>"f@gmail.com", "password"=>"[FILTERED]"}}
  [1m[35m (0.2ms)[0m  [1m[35mBEGIN[0m
  ↳ app/controllers/api/users_controller.rb:5
  [1m[36mUser Exists (0.9ms)[0m  [1m[34mSELECT  1 AS one FROM "users" WHERE "users"."email" = $1 LIMIT $2[0m  [["email", "f@gmail.com"], ["LIMIT", 1]]
  ↳ app/controllers/api/users_controller.rb:5
  [1m[36mUser Create (0.6ms)[0m  [1m[32mINSERT INTO "users" ("first_name", "last_name", "birthday", "gender", "email", "password_digest", "session_token", "created_at", "updated_at") VALUES ($1, $2, $3, $4, $5, $6, $7, $8, $9) RETURNING "id"[0m  [["first_name", "f"], ["last_name", "Spice"], ["birthday", "1980-04-01"], ["gender", "Female"], ["email", "f@gmail.com"], ["password_digest", "$2a$12$jJ4lwczJ2LjHHNUR4N7Ee.qRatb9C0MahKMX9XD3wohM1F.r6N/92"], ["session_token", "yuJKk8FGGRQ0CTE4K5cCUw"], ["created_at", "2021-02-10 18:24:18.353109"], ["updated_at", "2021-02-10 18:24:18.353109"]]
  ↳ app/controllers/api/users_controller.rb:5
  [1m[35m (3.7ms)[0m  [1m[35mCOMMIT[0m
  ↳ app/controllers/api/users_controller.rb:5
  [1m[35m (0.2ms)[0m  [1m[35mBEGIN[0m
  ↳ app/models/user.rb:54
  [1m[36mUser Exists (0.5ms)[0m  [1m[34mSELECT  1 AS one FROM "users" WHERE "users"."email" = $1 AND "users"."id" != $2 LIMIT $3[0m  [["email", "f@gmail.com"], ["id", 14], ["LIMIT", 1]]
  ↳ app/models/user.rb:54
  [1m[36mUser Update (1.2ms)[0m  [1m[33mUPDATE "users" SET "session_token" = $1, "updated_at" = $2 WHERE "users"."id" = $3[0m  [["session_token", "dHr0Jp8T6FtKg7nlp8TlBA"], ["updated_at", "2021-02-10 18:24:18.364149"], ["id", 14]]
  ↳ app/models/user.rb:54
  [1m[35m (0.5ms)[0m  [1m[35mCOMMIT[0m
  ↳ app/models/user.rb:54
  Rendering api/users/show.json.jbuilder
  Rendered api/users/_user.json.jbuilder (0.9ms)
  Rendered api/users/show.json.jbuilder (4.0ms)
Completed 200 OK in 375ms (Views: 20.1ms | ActiveRecord: 7.8ms)


Started DELETE "/api/session" for ::1 at 2021-02-10 12:24:46 -0600
Processing by Api::SessionsController#destroy as JSON
  [1m[36mUser Load (8.2ms)[0m  [1m[34mSELECT  "users".* FROM "users" WHERE "users"."session_token" = $1 LIMIT $2[0m  [["session_token", "dHr0Jp8T6FtKg7nlp8TlBA"], ["LIMIT", 1]]
  ↳ app/controllers/application_controller.rb:7
  [1m[35m (0.4ms)[0m  [1m[35mBEGIN[0m
  ↳ app/models/user.rb:54
  [1m[36mUser Exists (2.7ms)[0m  [1m[34mSELECT  1 AS one FROM "users" WHERE "users"."email" = $1 AND "users"."id" != $2 LIMIT $3[0m  [["email", "f@gmail.com"], ["id", 14], ["LIMIT", 1]]
  ↳ app/models/user.rb:54
  [1m[36mUser Update (52.5ms)[0m  [1m[33mUPDATE "users" SET "session_token" = $1, "updated_at" = $2 WHERE "users"."id" = $3[0m  [["session_token", "hjYYFVqIKCs0ZA7INy_EOw"], ["updated_at", "2021-02-10 18:24:46.536189"], ["id", 14]]
  ↳ app/models/user.rb:54
  [1m[35m (19.2ms)[0m  [1m[35mCOMMIT[0m
  ↳ app/models/user.rb:54
Completed 200 OK in 99ms (Views: 0.4ms | ActiveRecord: 83.0ms)


Started POST "/api/session" for ::1 at 2021-02-10 12:25:00 -0600
Processing by Api::SessionsController#create as JSON
  Parameters: {"user"=>{"first_name"=>"e", "last_name"=>"Spice", "birthday"=>"01-04-1980", "gender"=>"Female", "email"=>"e@gmail.com", "password"=>"[FILTERED]"}}
  [1m[36mUser Load (2.3ms)[0m  [1m[34mSELECT  "users".* FROM "users" WHERE "users"."email" = $1 LIMIT $2[0m  [["email", "e@gmail.com"], ["LIMIT", 1]]
  ↳ app/models/user.rb:35
  [1m[35m (0.3ms)[0m  [1m[35mBEGIN[0m
  ↳ app/models/user.rb:54
  [1m[36mUser Exists (0.6ms)[0m  [1m[34mSELECT  1 AS one FROM "users" WHERE "users"."email" = $1 AND "users"."id" != $2 LIMIT $3[0m  [["email", "e@gmail.com"], ["id", 13], ["LIMIT", 1]]
  ↳ app/models/user.rb:54
  [1m[36mUser Update (0.7ms)[0m  [1m[33mUPDATE "users" SET "session_token" = $1, "updated_at" = $2 WHERE "users"."id" = $3[0m  [["session_token", "O2KtiMx-GqiRIia_BitI-Q"], ["updated_at", "2021-02-10 18:25:00.488919"], ["id", 13]]
  ↳ app/models/user.rb:54
  [1m[35m (3.7ms)[0m  [1m[35mCOMMIT[0m
  ↳ app/models/user.rb:54
  Rendering api/users/show.json.jbuilder
  Rendered api/users/_user.json.jbuilder (0.8ms)
  Rendered api/users/show.json.jbuilder (4.0ms)
Completed 200 OK in 370ms (Views: 19.9ms | ActiveRecord: 7.6ms)


Started GET "/" for ::1 at 2021-02-10 13:25:17 -0600
Processing by StaticPagesController#root as HTML
  Rendering static_pages/root.html.erb within layouts/application
  Rendered static_pages/root.html.erb within layouts/application (12.6ms)
Completed 200 OK in 707ms (Views: 683.5ms | ActiveRecord: 0.0ms)


Started GET "/" for ::1 at 2021-02-10 13:28:31 -0600
Processing by StaticPagesController#root as HTML
  Rendering static_pages/root.html.erb within layouts/application
  Rendered static_pages/root.html.erb within layouts/application (1.6ms)
Completed 200 OK in 654ms (Views: 645.6ms | ActiveRecord: 0.0ms)


Started POST "/api/users" for ::1 at 2021-02-10 13:34:07 -0600
Processing by Api::UsersController#create as JSON
  Parameters: {"user"=>{"first_name"=>"g", "last_name"=>"Spice", "birthday"=>"01-04-1980", "gender"=>"Female", "email"=>"g@gmail.com", "password"=>"[FILTERED]"}}
  [1m[35m (6.8ms)[0m  [1m[35mBEGIN[0m
  ↳ app/controllers/api/users_controller.rb:5
  [1m[36mUser Exists (29.9ms)[0m  [1m[34mSELECT  1 AS one FROM "users" WHERE "users"."email" = $1 LIMIT $2[0m  [["email", "g@gmail.com"], ["LIMIT", 1]]
  ↳ app/controllers/api/users_controller.rb:5
  [1m[36mUser Create (38.6ms)[0m  [1m[32mINSERT INTO "users" ("first_name", "last_name", "birthday", "gender", "email", "password_digest", "session_token", "created_at", "updated_at") VALUES ($1, $2, $3, $4, $5, $6, $7, $8, $9) RETURNING "id"[0m  [["first_name", "g"], ["last_name", "Spice"], ["birthday", "1980-04-01"], ["gender", "Female"], ["email", "g@gmail.com"], ["password_digest", "$2a$12$ErZ/AdxJKLCqb89nFuE/Ju5FbiLWfB0c.BxZAbxoFT8LkGtHchVu6"], ["session_token", "CmM-On8a4QLPisw48FeatQ"], ["created_at", "2021-02-10 19:34:07.962539"], ["updated_at", "2021-02-10 19:34:07.962539"]]
  ↳ app/controllers/api/users_controller.rb:5
  [1m[35m (24.7ms)[0m  [1m[35mCOMMIT[0m
  ↳ app/controllers/api/users_controller.rb:5
  [1m[35m (0.2ms)[0m  [1m[35mBEGIN[0m
  ↳ app/models/user.rb:54
  [1m[36mUser Exists (1.5ms)[0m  [1m[34mSELECT  1 AS one FROM "users" WHERE "users"."email" = $1 AND "users"."id" != $2 LIMIT $3[0m  [["email", "g@gmail.com"], ["id", 15], ["LIMIT", 1]]
  ↳ app/models/user.rb:54
  [1m[36mUser Update (1.8ms)[0m  [1m[33mUPDATE "users" SET "session_token" = $1, "updated_at" = $2 WHERE "users"."id" = $3[0m  [["session_token", "2RdsYdsEco3YSWsCAud5kQ"], ["updated_at", "2021-02-10 19:34:08.043546"], ["id", 15]]
  ↳ app/models/user.rb:54
  [1m[35m (6.2ms)[0m  [1m[35mCOMMIT[0m
  ↳ app/models/user.rb:54
  Rendering api/users/show.json.jbuilder
  Rendered api/users/_user.json.jbuilder (1.4ms)
  Rendered api/users/show.json.jbuilder (13.1ms)
Completed 200 OK in 508ms (Views: 33.5ms | ActiveRecord: 109.6ms)


Started DELETE "/api/session" for ::1 at 2021-02-10 13:34:19 -0600
Processing by Api::SessionsController#destroy as JSON
  [1m[36mUser Load (0.8ms)[0m  [1m[34mSELECT  "users".* FROM "users" WHERE "users"."session_token" = $1 LIMIT $2[0m  [["session_token", "2RdsYdsEco3YSWsCAud5kQ"], ["LIMIT", 1]]
  ↳ app/controllers/application_controller.rb:7
  [1m[35m (0.3ms)[0m  [1m[35mBEGIN[0m
  ↳ app/models/user.rb:54
  [1m[36mUser Exists (0.7ms)[0m  [1m[34mSELECT  1 AS one FROM "users" WHERE "users"."email" = $1 AND "users"."id" != $2 LIMIT $3[0m  [["email", "g@gmail.com"], ["id", 15], ["LIMIT", 1]]
  ↳ app/models/user.rb:54
  [1m[36mUser Update (1.6ms)[0m  [1m[33mUPDATE "users" SET "session_token" = $1, "updated_at" = $2 WHERE "users"."id" = $3[0m  [["session_token", "Yb0hwPKvjviHmLAK1JuyqA"], ["updated_at", "2021-02-10 19:34:19.961921"], ["id", 15]]
  ↳ app/models/user.rb:54
  [1m[35m (5.9ms)[0m  [1m[35mCOMMIT[0m
  ↳ app/models/user.rb:54
Completed 200 OK in 38ms (Views: 0.4ms | ActiveRecord: 9.9ms)


Started POST "/api/session" for ::1 at 2021-02-10 13:34:58 -0600
Processing by Api::SessionsController#create as JSON
  Parameters: {"user"=>{"email"=>"g@gmail.com", "password"=>"[FILTERED]"}}
  [1m[36mUser Load (0.5ms)[0m  [1m[34mSELECT  "users".* FROM "users" WHERE "users"."email" = $1 LIMIT $2[0m  [["email", "g@gmail.com"], ["LIMIT", 1]]
  ↳ app/models/user.rb:35
  [1m[35m (0.3ms)[0m  [1m[35mBEGIN[0m
  ↳ app/models/user.rb:54
  [1m[36mUser Exists (0.7ms)[0m  [1m[34mSELECT  1 AS one FROM "users" WHERE "users"."email" = $1 AND "users"."id" != $2 LIMIT $3[0m  [["email", "g@gmail.com"], ["id", 15], ["LIMIT", 1]]
  ↳ app/models/user.rb:54
  [1m[36mUser Update (0.8ms)[0m  [1m[33mUPDATE "users" SET "session_token" = $1, "updated_at" = $2 WHERE "users"."id" = $3[0m  [["session_token", "zDzJzakXphgz4n5xBtBjGg"], ["updated_at", "2021-02-10 19:34:58.763476"], ["id", 15]]
  ↳ app/models/user.rb:54
  [1m[35m (1.6ms)[0m  [1m[35mCOMMIT[0m
  ↳ app/models/user.rb:54
  Rendering api/users/show.json.jbuilder
  Rendered api/users/_user.json.jbuilder (1.1ms)
  Rendered api/users/show.json.jbuilder (6.4ms)
Completed 200 OK in 352ms (Views: 19.7ms | ActiveRecord: 3.9ms)


Started GET "/" for ::1 at 2021-02-10 14:12:20 -0600
Processing by StaticPagesController#root as HTML
  Rendering static_pages/root.html.erb within layouts/application
  Rendered static_pages/root.html.erb within layouts/application (2.7ms)
Completed 200 OK in 1092ms (Views: 1081.7ms | ActiveRecord: 0.0ms)


